%%%%%Terminal Dialog
OUTPUT RADIATION LISTING (Y/N)? 
OUTPUT ENDF-LIKE FILE (N/Y)? 
OUTPUT FILE FOR NUDAT (N/Y)? y
OUTPUT MIRD LISTING (N/Y)? 



INPUT DATA SET FILE (DEF: RADLST.INP): 
OUTPUT RADLST REPORT FILE (DEF: RADLST.RPT): 
OUTPUT ENSDF REPORT FILE (DEF: ENSDF.RPT): 
OUTPUT GENERATED NUDAT FILE (DEF: NUDAT.OUT): 



 USING BINARY ATOMIC DATA FILE AS FOUND
 USING BINARY MASS DATA FILE AS FOUND
                          1 MESSAGES
 
 PROCESSING==> 205TL    205HG B- DECAY                
               5 Weak Bs omitted (SUM(IB) =   0.037%)
              11 Weak Gs omitted (SUM(IG) =   0.036%)
                          1 WARNINGS
                         13 MESSAGES
 
 PROCESSING==> 205TL    205HG B- DECAY                
               5 Weak Bs omitted (SUM(IB) =   0.037%)
              11 Weak Gs omitted (SUM(IG) =   0.036%)
                          1 WARNINGS
                         13 MESSAGES
 
 PROCESSING==> 248CM    252CF A DECAY                 
              ENERGY MISMATCH: TOTAL=6030.0 6     
                                Q*BR=6024.9 7     
               2 Weak As omitted (SUM(IA) =   0.002%)
               7 Weak CEs omitted (SUM(ICE) =   0.072%)
              10 Weak Gs omitted (SUM(IG) =   0.102%)
                          7 MESSAGES
 
 PROCESSING==> 172YB    172LU EC DECAY                
               1 Weak Bs omitted (SUM(IB) =   0.070%)
               4 Weak CEs omitted (SUM(ICE) =   0.101%)
              31 Weak Gs omitted (SUM(IG) =   0.943%)
               1 Weak ECs omitted (SUM(IEC) =   0.030%)
                          7 WARNINGS
                        231 MESSAGES
 
 PROCESSING==> 242AM    242AM IT DECAY (141 Y)        
                          1 WARNINGS
                          3 MESSAGES
 
 PROCESSING==> 126TE    126I EC DECAY                 
               4 Weak Gs omitted (SUM(IG) =   0.008%)
               3 Weak ECs omitted (SUM(IEC) =   0.007%)
                         10 MESSAGES
 
 PROCESSING==> 126XE    126I B- DECAY                 
               7 Weak CEs omitted (SUM(ICE) =   0.192%)
               7 Weak Gs omitted (SUM(IG) =   0.192%)
                          3 MESSAGES
 
 PROCESSING==>  57MN    57CR B- DECAY                 
               1 Weak CEs omitted (SUM(ICE) =   0.036%)
               1 Weak Gs omitted (SUM(IG) =   0.036%)
                         42 MESSAGES
 
 PROCESSING==>  57FE    57CO EC DECAY                 
              ENERGY MISMATCH: TOTAL=829 7        
                                Q*BR=836.4 5      
               1 Weak CEs omitted (SUM(ICE) =   0.032%)
               7 Weak Gs omitted (SUM(IG) =   0.055%)
                          3 WARNINGS
                          8 MESSAGES
 Work on the program RADLST sponsored by the Division                           
of Basic Energy Sciences, US Department of Energy, under con-                  
tract No. DE-AC02-76CH00016 with Associated Universities, Inc.                 
Neither the Associated Universities, Inc., nor the                             
US Department of Energy make any warranty or assume any legal                  
responsibility for the results produced by the program.                        

%%%%%Radiation Listing
0




  205HG B- DECAY (5.2 M 1)        I(MIN)=  0.10%                                 
0Radiation        Energy       Intensity   (G-Rad 
    Type           (keV)          (%)      uCi-h) 
 ----------  --------------- ------------ --------

 B-  1 MAX   1334.         8
       AVG    460.         4  3.1      13   0.0304
 B-  2 MAX   1538.         8
       AVG    542.         4 96.0      20   1.11  
 TOTAL B-
       AVG    539.         4 99.1      24   1.14  
0       5 WEAK B'S OMITTED (SUM(IB)= 0.04%)
  
  G   1       203.74       3  2.2      10   0.0095
0      11 WEAK G'S OMITTED (SUM(IG)= 0.04%)
0




  205HG B- DECAY (5.2 M 1)        I(MIN)=  0.10%                                 
0Radiation        Energy       Intensity   (G-Rad 
    Type           (keV)          (%)      uCi-h) 
 ----------  --------------- ------------ --------

 B-  1 MAX   1334.         8
       AVG    460.         4  3.1      13   0.0304
 B-  2 MAX   1538.         8
       AVG    542.         4 96.0      20   1.11  
 TOTAL B-
       AVG    539.         4 99.1      24   1.14  
0       5 WEAK B'S OMITTED (SUM(IB)= 0.04%)
  
  G   1       203.74       3  2.2      10   0.0095
0      11 WEAK G'S OMITTED (SUM(IG)= 0.04%)
0




  252CF A DECAY (2.638 Y 10)      I(MIN)=  0.10%                                 
0Radiation        Energy       Intensity   (G-Rad 
    Type           (keV)          (%)      uCi-h) 
 ----------  --------------- ------------ --------

 AUGER-L       10.70          4.0       8   0.0009
 CE- L -  1    18.87       3 11.0       8   0.0044
 CE- M -  1    37.06       3  3.07     21   0.0024
 CE- L -  2    75.67          0.172     6   0.0003
  
  A   1      5976.5        5  0.23      4   0.0296
  A   2      6075.7        5 15.2       3   1.97  
  A   3      6118.3        5 81.6       3  10.63  
  
 X-RAY  L      15.00          7.1       9   0.0023
0      10 WEAK G'S OMITTED (SUM(IG)= 0.10%)
0




  172LU EC DECAY (6.70 D 3)       I(MIN)=  0.10%                                 
0Radiation        Energy       Intensity   (G-Rad 
    Type           (keV)          (%)      uCi-h) 
 ----------  --------------- ------------ --------

 AUGER-L        5.840        133.       7   0.0165
 CE- K -  1    17.34          16.6      9   0.0061
 CE- K -  2    29.24          10.0      7   0.0062
 AUGER-K       42.20           5.55    14   0.0050
 CE- L -  1    68.18          55.       4   0.0795
 CE- M -  1    76.27          13.5      8   0.0219
 CE-NOP-  1    78.18           3.7      3   0.0062
 CE- L -  2    80.08          11.3      7   0.0192
 CE- M -  2    88.17           2.76    18   0.0052
 CE-NOP-  2    90.08           0.77     5   0.0015
 CE- K - 11   120.1            4.4      3   0.0112
 CE- L - 11   171.0            2.39    15   0.0087
 CE- M - 11   179.1            0.58     6   0.0022
 CE-NOP- 11   181.0            0.157   11   0.0006
  
0       1 WEAK B'S OMITTED (SUM(IB)= 0.07%)
 X-RAY  L       7.420         44.       6   0.0070
 X-RAY  KA2    51.3540     5  30.3      9   0.0332
 X-RAY  KA1    52.3889     5  53.5     14   0.0597
 X-RAY  KB     59.40          22.1      7   0.0280
  G   1        78.67          10.6      5   0.0177
  G   2        90.57           5.2      3   0.0101
  G   3       112.7            4.5      3   0.0108
  G   9       145.7            0.16     4   0.0005
  G  11       181.5           19.9     11   0.0769
  G  12       196.4            0.120   10   0.0005
  G  14       203.4            6.0      3   0.0262
  G  16       247.1            0.50     7   0.0026
  G  18       264.8            0.65     9   0.0037
  G  19       270.0            2.20    14   0.0127
  G  20       279.7            1.10    10   0.0065
  G  22       319.1            0.170   20   0.0012
  G  23       323.9            1.57     6   0.0108
  G  24       330.4            0.62     7   0.0044
  G  26       358.5            0.120   10   0.0009
  G  27       366.7            0.32     4   0.0025
  G  28       372.5            2.77    18   0.0220
  G  29       377.5            3.18    10   0.0256
  G  31       399.8            0.54     3   0.0046
  G  32       399.8            0.54     3   0.0046
  G  33       410.3            2.08     7   0.0182
  G  35       423.0            0.170   20   0.0015
  G  37       427.6            0.150   20   0.0014
  G  39       432.5            1.54     9   0.0142
  G  41       437.6            0.240   20   0.0022
  G  42       443.4            0.160   20   0.0015
  G  43       482.1            0.72     5   0.0074
  G  44       486.2            0.74     8   0.0077
  G  45       490.4            2.00    13   0.0209
  G  46       512.8            0.160   20   0.0017
  G  47       524.3            0.24     5   0.0027
  G  48       528.2            4.01    12   0.0451
  G  49       536.3            0.70     4   0.0080
  G  50       540.2            1.34     9   0.0154
  G  51       551.2            0.43     3   0.0050
  G  53       566.3            0.17     9   0.0021
  G  54       576.8            0.36     3   0.0044
  G  55       584.6            0.37     5   0.0046
  G  56       594.6            0.58     7   0.0073
  G  57       607.2            0.65     5   0.0084
  G  58       625.6            0.29     4   0.0039
  G  59       630.8            0.30     6   0.0040
  G  60       644.4            0.24     6   0.0033
  G  61       681.8            0.76     6   0.0110
  G  62       697.3            5.9      3   0.0876
  G  63       709.1            0.72     4   0.0109
  G  64       723.0            0.49     4   0.0075
  G  65       810.1           16.0      4   0.276 
  G  66       816.3            1.10     7   0.0191
  G  68       900.7           28.8      7   0.553 
  G  69       912.1           14.7      4   0.286 
  G  70       929.1            3.15    11   0.0623
  G  72       967.5            0.19     4   0.0039
  G  73       970.6            0.10     3   0.0021
  G  74      1003.             5.26    12   0.112 
  G  75      1019.             0.17    10   0.0037
  G  76      1022.             1.48     6   0.0322
  G  78      1041.             0.38     5   0.0084
  G  79      1081.             1.14     3   0.0262
  G  80      1094.            63.6     13   1.48  
  G  81      1113.             1.88     9   0.0446
  G  82      1116.             0.20     4   0.0048
  G  84      1166.             0.14     3   0.0035
  G  85      1184.             0.49     3   0.0124
  G  87      1289.             0.150   20   0.0041
  G  88      1322.             0.15     3   0.0042
  G  90      1387.             0.800   10   0.0236
  G  92      1397.             0.34     5   0.0101
  G  93      1403.             0.61     5   0.0182
  G  95      1466.             0.66     4   0.0206
  G  96      1470.             0.60     3   0.0188
  G  97      1489.             1.10     4   0.0349
  G  98      1530.             0.14     3   0.0046
  G  99      1543.             0.96     5   0.0315
  G 100      1580.             0.200   20   0.0067
  G 101      1584.             2.53    13   0.0854
  G 102      1603.             0.29     3   0.0099
  G 103      1609.             0.100   10   0.0034
  G 104      1622.             2.13     8   0.0736
  G 105      1666.             0.17     7   0.0060
  G 106      1670.             0.55     7   0.0196
  G 107      1724.             0.430   20   0.0158
  G 108      1813.             0.180   10   0.0070
  G 109      1915.             0.58     3   0.0237
  G 111      1994.             0.160   20   0.0068
  G 113      2083.             0.30     6   0.0133
  G 114      2096.             0.11     3   0.0049
0      31 WEAK G'S OMITTED (SUM(IG)= 0.94%)
0




  242AM IT DECAY  (141 Y 2)       I(MIN)=  0.10%                                 
0Radiation        Energy       Intensity   (G-Rad 
    Type           (keV)          (%)      uCi-h) 
 ----------  --------------- ------------ --------

  G   1       48.63        5 99.50     20   0.103 
0




  126I EC DECAY (13.02 D 7)       I(MIN)=  0.10%                                 
           SEE ALSO 126I B- DECAY                                                
0Radiation        Energy       Intensity   (G-Rad 
    Type           (keV)          (%)      uCi-h) 
 ----------  --------------- ------------ --------

 AUGER-L        3.190        45.        5   0.0031
 AUGER-K       22.70          6.0       7   0.0029
 CE- K -  1   634.517     12  0.108    12   0.0015
  
 B+  1 MAX    468.         5
       AVG    216.8       22  0.203    23   0.0009
 B+  2 MAX   1134.         5
       AVG    530.2       22  0.96     17   0.0108
 TOTAL B+
       AVG    475.4       25  1.16     17   0.0117
  
 X-RAY  L       3.770         4.5       5   0.0004
 X-RAY  KA2    27.20170   20 11.9      13   0.0069
 X-RAY  KA1    27.47230   20 22.2      24   0.0130
 X-RAY  KB     31.00          7.7       9   0.0051
  G   1       666.331     12 33.1      25   0.470 
  G   3       753.819     13  4.2       4   0.0669
  G   6      1420.19       3  0.295    23   0.0089
       MAXIMUM G+/- INTENSITY =  2.32%
0




  126I B- DECAY (13.02 D 7)       I(MIN)=  0.10%                                 
           SEE ALSO 126I EC DECAY. BRANCHING FROM 126I EC DECAY                  
0Radiation        Energy       Intensity   (G-Rad 
    Type           (keV)          (%)      uCi-h) 
 ----------  --------------- ------------ --------

 AUGER-L        3.430         0.53      8     0   
 CE- K -  1   354.072     11  0.53      8   0.0040
  
 B-  1 MAX    371.         5
       AVG    108.9       17  3.6       3   0.0084
 B-  2 MAX    862.         5
       AVG    289.7       20 32.1       3   0.198 
 B-  3 MAX   1251.         5
       AVG    458.6       21  8.0       3   0.0781
 TOTAL B-
       AVG    305.6       22 43.7       6   0.284 
  
 X-RAY  KA2    29.4580    10  0.140    21     0   
 X-RAY  KA1    29.7790    10  0.26      4   0.0002
  G   1       388.633     11 34.        3   0.282 
  G   2       491.243     11  2.85     22   0.0298
  G   3       879.876     13  0.75      6   0.0141
0       7 WEAK G'S OMITTED (SUM(IG)= 0.19%)
0




  57CR B- DECAY (21.1 S 10)       I(MIN)=  0.10%                                 
0Radiation        Energy       Intensity   (G-Rad 
    Type           (keV)          (%)      uCi-h) 
 ----------  --------------- ------------ --------

 AUGER-L        0.6100         0.6      3     0   
 AUGER-K        5.190          0.25    13     0   
 CE- K -  1    76.86      20   0.37    19   0.0006
  
 B-  1 MAX   2097.6        3
       AVG    860.0            2.5      3   0.0458
 B-  2 MAX   2306.5        5
       AVG    960.0            1.7      8   0.0348
 B-  3 MAX   2459.2        4
       AVG   1030.             0.24    21   0.0053
 B-  4 MAX   2566.9        6
       AVG   1080.             0.43    22   0.0099
 B-  5 MAX   2614.0        4
       AVG   1110.             2.6     14   0.0615
 B-  6 MAX   2652.9        9
       AVG   1120.             0.22    13   0.0052
 B-  7 MAX   2964.2        4
       AVG   1270.             7.       4   0.189 
 B-  8 MAX   3074.1        6
       AVG   1330.             0.21    13   0.0059
 B-  9 MAX   3264.85      25
       AVG   1420.             6.       3   0.181 
 B- 10 MAX   3306.93      21
       AVG   1440.             0.8      5   0.0245
 B- 11 MAX   3424.7        4
       AVG   1490.             0.4      3   0.0127
 B- 12 MAX   3743.79      23
       AVG   1650.             2.1     11   0.0738
 B- 13 MAX   3949.48      23
       AVG   1750.             2.6     22   0.0969
 B- 14 MAX   4716.18      17
       AVG   2120.             0.3      4   0.0158
 B- 15 MAX   4800.          
       AVG   2160.            74.      12   3.40  
 TOTAL B-
       AVG   1934.           101.      14   4.17  
  
  G   1        83.40      20   8.       5   0.0145
  G   2       205.8        3   2.9     14   0.0126
  G   3       342.9        5   0.5      3   0.0035
  G   4       479.1        5   0.18    12   0.0019
  G   5       684.1        5   0.5      4   0.0078
  G   6       766.5        5   0.34    18   0.0056
  G   7       850.2        6   8.       5   0.145 
  G   8      1055.8        3   0.8      4   0.0187
  G   9      1129.9        3   1.4      7   0.0333
  G  10      1209.2        3   0.6      3   0.0148
  G  11      1292.2        5   0.7      4   0.0205
  G  12      1327.3        3   0.32    23   0.0089
  G  13      1335.7        5   1.2      8   0.0334
  G  14      1409.3        3   0.9      5   0.0276
  G  15      1492.7        3   0.9      5   0.0300
  G  16      1535.0        3   4.8     23   0.158 
  G  17      1642.2        5   0.21    13   0.0075
  G  18      1752.1        5   5.1     24   0.190 
  G  19      1835.2        6   1.4      7   0.0534
  G  20      1852.0        4   1.2      6   0.0463
  G  21      2063.5        8   0.22    13   0.0096
  G  22      2257.2        9   0.24    21   0.0115
  G  23      2410.0        7   0.9      5   0.0442
  G  24      2493.1        7   0.8      4   0.0422
  G  25      2618.3        8   0.44    25   0.0245
0       1 WEAK G'S OMITTED (SUM(IG)= 0.04%)
0




  57CO EC DECAY (271.80 D 5)      I(MIN)=  0.10%                                 
           SEE 70RA51 FOR SUMMARY OF CONVERSION-ELECTRON                         
0Radiation        Energy       Intensity   (G-Rad 
    Type           (keV)          (%)      uCi-h) 
 ----------  --------------- ------------ --------

 AUGER-L       0.6700        251.1     20   0.0036
 AUGER-K       5.620         106.5     16   0.0127
 CE- K -  2  114.9494     10   1.84    15   0.0045
 CE- L -  2  121.2153      5   0.193   20   0.0005
 CE- K -  3  129.3623     11   1.26    15   0.0035
  
 X-RAY  L      0.7000          0.783    6     0   
 X-RAY  KA2    6.39084     3  16.8      5   0.0023
 X-RAY  KA1    6.40384     3  33.1      9   0.0045
 X-RAY  KB     7.060           6.68    21   0.0010
  G   1       14.41300    15   9.68    25   0.0030
  G   2      122.0614      3  85.9     12   0.223 
  G   3      136.4743      5  10.33    10   0.0300
  G   9      692.41        7   0.162    5   0.0024
0       7 WEAK G'S OMITTED (SUM(IG)= 0.06%)
1 Work on the program RADLST sponsored by the Division                            
 of Basic Energy Sciences, US Department of Energy, under con-                   
 tract No. DE-AC02-76CH00016 with Associated Universities, Inc.                  
0 Neither the Associated Universities, Inc., nor the                              
 US Department of Energy make any warranty or assume any legal                   
 responsibility for the results produced by the program.                         

%%%%%Data-base File

205HG  B- 5.2 M 1           
B-         1    460.        4  1334.        8   3.1    13      0.0304
B-         2    542.        4  1538.        8  96.0    20      1.11  
B- TOT          539.        4                  99.1    24      1.14  
G          1    203.74      3                   2.2    10      0.0095
                    
205HG  B- 5.2 M 1           
B-         1    460.        4  1334.        8   3.1    13      0.0304
B-         2    542.        4  1538.        8  96.0    20      1.11  
B- TOT          539.        4                  99.1    24      1.14  
G          1    203.74      3                   2.2    10      0.0095
                    
252CF  A  2.638 Y 10        
E  AU L          10.70                          4.0     8      0.0009
E  CE L    1     18.87      3                  11.0     8      0.0044
E  CE M    1     37.06      3                   3.07   21      0.0024
E  CE L    2     75.67                          0.172   6      0.0003
A          1   5976.5       5                   0.23    4      0.0296
A          2   6075.7       5                  15.2     3      1.97  
A          3   6118.3       5                  81.6     3     10.63  
G  X  L          15.00                          7.1     9      0.0023
                    
172LU  EC 6.70 D 3          
E  AU L           5.840                       133.      7      0.0165
E  CE K    1     17.34                         16.6     9      0.0061
E  CE K    2     29.24                         10.0     7      0.0062
E  AU K          42.20                          5.55   14      0.0050
E  CE L    1     68.18                         55.      4      0.0795
E  CE M    1     76.27                         13.5     8      0.0219
E  CE N+   1     78.18                          3.7     3      0.0062
E  CE L    2     80.08                         11.3     7      0.0192
E  CE M    2     88.17                          2.76   18      0.0052
E  CE N+   2     90.08                          0.77    5      0.0015
E  CE K   11    120.1                           4.4     3      0.0112
E  CE L   11    171.0                           2.39   15      0.0087
E  CE M   11    179.1                           0.58    6      0.0022
E  CE N+  11    181.0                           0.157  11      0.0006
G  X  L           7.420                        44.      6      0.0070
G  X  KA2        51.3540    5                  30.3     9      0.0332
G  X  KA1        52.3889    5                  53.5    14      0.0597
G  X  KB         59.40                         22.1     7      0.0280
G          1     78.67                         10.6     5      0.0177
G          2     90.57                          5.2     3      0.0101
G          3    112.7                           4.5     3      0.0108
G          9    145.7                           0.16    4      0.0005
G         11    181.5                          19.9    11      0.0769
G         12    196.4                           0.120  10      0.0005
G         14    203.4                           6.0     3      0.0262
G         16    247.1                           0.50    7      0.0026
G         18    264.8                           0.65    9      0.0037
G         19    270.0                           2.20   14      0.0127
G         20    279.7                           1.10   10      0.0065
G         22    319.1                           0.170  20      0.0012
G         23    323.9                           1.57    6      0.0108
G         24    330.4                           0.62    7      0.0044
G         26    358.5                           0.120  10      0.0009
G         27    366.7                           0.32    4      0.0025
G         28    372.5                           2.77   18      0.0220
G         29    377.5                           3.18   10      0.0256
G         31    399.8                           0.54    3      0.0046
G         32    399.8                           0.54    3      0.0046
G         33    410.3                           2.08    7      0.0182
G         35    423.0                           0.170  20      0.0015
G         37    427.6                           0.150  20      0.0014
G         39    432.5                           1.54    9      0.0142
G         41    437.6                           0.240  20      0.0022
G         42    443.4                           0.160  20      0.0015
G         43    482.1                           0.72    5      0.0074
G         44    486.2                           0.74    8      0.0077
G         45    490.4                           2.00   13      0.0209
G         46    512.8                           0.160  20      0.0017
G         47    524.3                           0.24    5      0.0027
G         48    528.2                           4.01   12      0.0451
G         49    536.3                           0.70    4      0.0080
G         50    540.2                           1.34    9      0.0154
G         51    551.2                           0.43    3      0.0050
G         53    566.3                           0.17    9      0.0021
G         54    576.8                           0.36    3      0.0044
G         55    584.6                           0.37    5      0.0046
G         56    594.6                           0.58    7      0.0073
G         57    607.2                           0.65    5      0.0084
G         58    625.6                           0.29    4      0.0039
G         59    630.8                           0.30    6      0.0040
G         60    644.4                           0.24    6      0.0033
G         61    681.8                           0.76    6      0.0110
G         62    697.3                           5.9     3      0.0876
G         63    709.1                           0.72    4      0.0109
G         64    723.0                           0.49    4      0.0075
G         65    810.1                          16.0     4      0.276 
G         66    816.3                           1.10    7      0.0191
G         68    900.7                          28.8     7      0.553 
G         69    912.1                          14.7     4      0.286 
G         70    929.1                           3.15   11      0.0623
G         72    967.5                           0.19    4      0.0039
G         73    970.6                           0.10    3      0.0021
G         74   1003.                            5.26   12      0.112 
G         75   1019.                            0.17   10      0.0037
G         76   1022.                            1.48    6      0.0322
G         78   1041.                            0.38    5      0.0084
G         79   1081.                            1.14    3      0.0262
G         80   1094.                           63.6    13      1.48  
G         81   1113.                            1.88    9      0.0446
G         82   1116.                            0.20    4      0.0048
G         84   1166.                            0.14    3      0.0035
G         85   1184.                            0.49    3      0.0124
G         87   1289.                            0.150  20      0.0041
G         88   1322.                            0.15    3      0.0042
G         90   1387.                            0.800  10      0.0236
G         92   1397.                            0.34    5      0.0101
G         93   1403.                            0.61    5      0.0182
G         95   1466.                            0.66    4      0.0206
G         96   1470.                            0.60    3      0.0188
G         97   1489.                            1.10    4      0.0349
G         98   1530.                            0.14    3      0.0046
G         99   1543.                            0.96    5      0.0315
G        100   1580.                            0.200  20      0.0067
G        101   1584.                            2.53   13      0.0854
G        102   1603.                            0.29    3      0.0099
G        103   1609.                            0.100  10      0.0034
G        104   1622.                            2.13    8      0.0736
G        105   1666.                            0.17    7      0.0060
G        106   1670.                            0.55    7      0.0196
G        107   1724.                            0.430  20      0.0158
G        108   1813.                            0.180  10      0.0070
G        109   1915.                            0.58    3      0.0237
G        111   1994.                            0.160  20      0.0068
G        113   2083.                            0.30    6      0.0133
G        114   2096.                            0.11    3      0.0049
                    
242AM  IT 141 Y 2           
G          1     48.63      5                  99.50   20      0.103 
                    
126I   EC 13.02 D 7         
E  AU L           3.190                        45.      5      0.0031
E  AU K          22.70                          6.0     7      0.0029
E  CE K    1    634.517    12                   0.108  12      0.0015
B+         1    216.8      22   468.        5   0.203  23      0.0009
B+         2    530.2      22  1134.        5   0.96   17      0.0108
B+ TOT          475.4      25                   1.16   17      0.0117
G  X  L           3.770                         4.5     5      0.0004
G  X  KA2        27.20170  20                  11.9    13      0.0069
G  X  KA1        27.47230  20                  22.2    24      0.0130
G  X  KB         31.00                          7.7     9      0.0051
G          1    666.331    12                  33.1    25      0.470 
G          3    753.819    13                   4.2     4      0.0669
G          6   1420.19      3                   0.295  23      0.0089
G  AN         511.                              2.32   <=            
                    
126I   B- 13.02 D 7         
E  AU L           3.430                         0.53    8   0        
E  CE K    1    354.072    11                   0.53    8      0.0040
B-         1    108.9      17   371.        5   3.6     3      0.0084
B-         2    289.7      20   862.        5  32.1     3      0.198 
B-         3    458.6      21  1251.        5   8.0     3      0.0781
B- TOT          305.6      22                  43.7     6      0.284 
G  X  KA2        29.4580   10                   0.140  21   0        
G  X  KA1        29.7790   10                   0.26    4      0.0002
G          1    388.633    11                  34.      3      0.282 
G          2    491.243    11                   2.85   22      0.0298
G          3    879.876    13                   0.75    6      0.0141
                    
 57CR  B- 21.1 S 10         
E  AU L           0.6100                        0.6     3   0        
E  AU K           5.190                         0.25   13   0        
E  CE K    1     76.86     20                   0.37   19      0.0006
B-         1    860.0          2097.6       3   2.5     3      0.0458
B-         2    960.0          2306.5       5   1.7     8      0.0348
B-         3   1030.           2459.2       4   0.24   21      0.0053
B-         4   1080.           2566.9       6   0.43   22      0.0099
B-         5   1110.           2614.0       4   2.6    14      0.0615
B-         6   1120.           2652.9       9   0.22   13      0.0052
B-         7   1270.           2964.2       4   7.      4      0.189 
B-         8   1330.           3074.1       6   0.21   13      0.0059
B-         9   1420.           3264.85     25   6.      3      0.181 
B-        10   1440.           3306.93     21   0.8     5      0.0245
B-        11   1490.           3424.7       4   0.4     3      0.0127
B-        12   1650.           3743.79     23   2.1    11      0.0738
B-        13   1750.           3949.48     23   2.6    22      0.0969
B-        14   2120.           4716.18     17   0.3     4      0.0158
B-        15   2160.           4800.           74.     12      3.40  
B- TOT         1934.                          101.     14      4.17  
G          1     83.40     20                   8.      5      0.0145
G          2    205.8       3                   2.9    14      0.0126
G          3    342.9       5                   0.5     3      0.0035
G          4    479.1       5                   0.18   12      0.0019
G          5    684.1       5                   0.5     4      0.0078
G          6    766.5       5                   0.34   18      0.0056
G          7    850.2       6                   8.      5      0.145 
G          8   1055.8       3                   0.8     4      0.0187
G          9   1129.9       3                   1.4     7      0.0333
G         10   1209.2       3                   0.6     3      0.0148
G         11   1292.2       5                   0.7     4      0.0205
G         12   1327.3       3                   0.32   23      0.0089
G         13   1335.7       5                   1.2     8      0.0334
G         14   1409.3       3                   0.9     5      0.0276
G         15   1492.7       3                   0.9     5      0.0300
G         16   1535.0       3                   4.8    23      0.158 
G         17   1642.2       5                   0.21   13      0.0075
G         18   1752.1       5                   5.1    24      0.190 
G         19   1835.2       6                   1.4     7      0.0534
G         20   1852.0       4                   1.2     6      0.0463
G         21   2063.5       8                   0.22   13      0.0096
G         22   2257.2       9                   0.24   21      0.0115
G         23   2410.0       7                   0.9     5      0.0442
G         24   2493.1       7                   0.8     4      0.0422
G         25   2618.3       8                   0.44   25      0.0245
                    
 57CO  EC 271.80 D 5        
E  AU L           0.6700                      251.1    20      0.0036
E  AU K           5.620                       106.5    16      0.0127
E  CE K    2    114.9494   10                   1.84   15      0.0045
E  CE L    2    121.2153    5                   0.193  20      0.0005
E  CE K    3    129.3623   11                   1.26   15      0.0035
G  X  L           0.7000                        0.783   6   0        
G  X  KA2         6.39084   3                  16.8     5      0.0023
G  X  KA1         6.40384   3                  33.1     9      0.0045
G  X  KB          7.060                         6.68   21      0.0010
G          1     14.41300  15                   9.68   25      0.0030
G          2    122.0614    3                  85.9    12      0.223 
G          3    136.4743    5                  10.33   10      0.0300
G          9    692.41      7                   0.162   5      0.0024
                    
