%%%%%Terminal Dialog
RADLST 5.5 [ 5-OCT-88]
OUTPUT RADIATION LISTING (Y/N)?
OUTPUT ENDF-LIKE FILE (N/Y)?
y
OUTPUT FILE FOR NUDAT (N/Y)?
OUTPUT MIRD LISTING (N/Y)?
CALCULATE CONTINUA (N/Y)?



INPUT DATA SET FILE (DEF: RADLST.INP):
OUTPUT RADLST REPORT FILE (DEF: RADLST.RPT):
OUTPUT ENSDF REPORT FILE (DEF: ENSDF.RPT):
OUTPUT GENERATED ENDF FILE (DEF: ENDF.RAW):



 USING BINARY ATOMIC DATA FILE AS FOUND
 USING BINARY MASS DATA FILE AS FOUND
                          1 MESSAGES

 PROCESSING==> 205TL    205HG B- DECAY
               4 Weak Gs omitted (SUM(IG) =   0.003%)
                          1 WARNINGS
                         13 MESSAGES

 PROCESSING==> 205TL    205HG B- DECAY
               4 Weak Gs omitted (SUM(IG) =   0.003%)
                          1 WARNINGS
                         13 MESSAGES

 PROCESSING==> 248CM    252CF A DECAY
              ENERGY MISMATCH: TOTAL=6030.0 6
                                Q*BR=6024.9 7
               1 Weak As omitted (SUM(IA) =   0.000%)
               4 Weak CEs omitted (SUM(ICE) =   0.002%)
               4 Weak Gs omitted (SUM(IG) =   0.002%)
                          1 WARNINGS
                          7 MESSAGES

 PROCESSING==> 172YB    172LU EC DECAY
               7 Weak Gs omitted (SUM(IG) =   0.001%)
                          7 WARNINGS
                        231 MESSAGES

 PROCESSING==> 242AM    242AM IT DECAY (141 Y)
                          1 WARNINGS
                          2 MESSAGES

 MERGING DATA SETS
 PROCESSING==> 126TE    126I EC DECAY
                         10 MESSAGES

 MERGING DATA SETS
 PROCESSING==> 126XE    126I B- DECAY
               1 Weak CEs omitted (SUM(ICE) =   0.001%)
               3 Weak Gs omitted (SUM(IG) =   0.001%)
               2 Weak ECs omitted (SUM(IEC) =   0.001%)
                          2 MESSAGES

 ENDING MERGE OF DATA SETS
 PROCESSING==>  57MN    57CR B- DECAY
                         43 MESSAGES

 PROCESSING==>  57FE    57CO EC DECAY
              ENERGY MISMATCH: TOTAL=829 7
                                Q*BR=836.4 5
               2 Weak Gs omitted (SUM(IG) =   0.001%)
                          3 WARNINGS
                          8 MESSAGES
 Work on the program RADLST sponsored by the Division
of Basic Energy Sciences, US Department of Energy, under con-
tract No. DE-AC02-76CH00016 with Associated Universities, Inc.
Neither the Associated Universities, Inc., nor the
US Department of Energy make any warranty or assume any legal
responsibility for the results produced by the program.

%%%%%ENDF-6 File

 8.02050+04 2.03215+02         -1          0          1          18005 1451
 0.00000+00 1.00000+00          0          0          0          68005 1451
 0.00000+00 0.00000+00          0          0          4          68005 1451
 0.00000+00 0.00000+00          0          0         17          28005 1451
 80-HG-205 BNL        EVAL-SEP93 CONVERSION OF ENSDF              8005 1451
 71HI01/ENSDF/        DIST-MAR78 REV1-                            8005 1451
---- ENDF/A-6         MATERIAL 8005                               8005 1451
----- DECAY DATA                                                  8005 1451
------ ENDF-6                                                     8005 1451
  205HG B- DECAY (5.2 M 1)        I(MIN)=0.0010%                  8005 1451
         RADLST 5.5 [ 5-OCT-88].                                  8005 1451
1538-KEV  B E         SOME APPROXIMATE MEASUREMENTS LISTED IN     8005 1451
            71SC35                                                8005 1451
203.74-KEVG E         FROM 72BA53                                 8005 1451
203.74-KEVG CC        FROM 73KR02                                 8005 1451
1334-KEV  B IB        ESTIMATED BY 71HI01 TO BE 3.7% 15 BASED ON  8005 1451
            RATIOS OF IG(203.7) TO 197HG,203HG IG'S AND           8005 1451
            CC(203.7)=0.62; IB=3.1% IF CC IS REDUCED TO 0.44      8005 1451
618.6-KEV G           RI(618.6)/RI(415.6) IS  AP  TWICE AS LARGE  8005 1451
            AS IN COUL. EX. AND (N,N'G)                           8005 1451
   4 WEAK G  OMITTED WITH I= 0.003%; <E>=1151.04 KEV              8005 1451
 0.00000+00 0.00000+00          1        451         22          08005 1451
 0.00000+00 0.00000+00          8        457          0          08005 1451
 0.00000+00 0.00000+00          0          0          0          08005 1  0
 0.00000+00 0.00000+00          0          0          0          08005 0  0
 8.02050+04 2.03215+02          0          0          0          28005 8457
 3.12000+02 6.00000+00          0          0          6          08005 8457
 5.35000+05 1.30000+04 4.80000+03 2.10000+03 0.00000+00 0.00000+008005 8457
 5.00000-01-1.00000+00          0          0          6          18005 8457
 1.00000+00 0.00000+00 1.53800+06 8.00000+03 1.00000+00 0.00000+008005 8457
 0.00000+00 0.00000+00          0          0          6          88005 8457
 2.20000-04 1.00000-04 4.80000+03 2.10000+03 0.00000+00 0.00000+008005 8457
 2.03740+05 3.00000+01          0          0          8          08005 8457
 1.00000+00 0.00000+00 1.00000+02 0.00000+00 0.00000+00 0.00000+008005 8457
 4.40000-01 1.40000-02                                            8005 8457
 4.15600+05 3.00000+02          0          0          8          08005 8457
 1.00000+00 0.00000+00 5.90000-01 8.00000-02 0.00000+00 0.00000+008005 8457
 1.69000-01 5.00000-03                                            8005 8457
 6.18600+05 7.00000+02          0          0          4          08005 8457
 1.00000+00 0.00000+00 9.00000-02 2.00000-02                      8005 8457
 7.20800+05 8.00000+02          0          0          4          08005 8457
 1.00000+00 0.00000+00 5.10000-02 1.50000-02                      8005 8457
 9.37200+05 6.00000+02          0          0          4          08005 8457
 1.00000+00 0.00000+00 9.30000-02 2.00000-02                      8005 8457
 1.21870+06 4.00000+02          0          0          4          08005 8457
 1.00000+00 0.00000+00 2.80000-01 5.00000-02                      8005 8457
 1.23080+06 1.00000+03          0          0          4          08005 8457
 1.00000+00 0.00000+00 2.30000-02 1.00000-02                      8005 8457
 1.43390+06 5.00000+02          0          0          4          08005 8457
 1.00000+00 0.00000+00 2.00000-01 5.00000-02                      8005 8457
 0.00000+00 1.00000+00          0          0          6          78005 8457
 1.00000-02 0.00000+00 5.35000+05 1.30000+04 0.00000+00 0.00000+008005 8457
 1.04000+05 8.00000+03          0          0          4          08005 8457
 1.00000+00 1.00000+00 4.90000-03 2.50000-03                      8005 8457
 1.98000+05 8.00000+03          0          0          4          08005 8457
 1.00000+00 1.00000+00 6.00000-03 3.00000-03                      8005 8457
 3.19000+05 8.00000+03          0          0          4          08005 8457
 1.00000+00 1.00000+00 7.00000-03 4.00000-03                      8005 8457
 3.97000+05 8.00000+03          0          0          4          08005 8457
 1.00000+00 1.00000+00 3.00000-03 1.60000-03                      8005 8457
 9.19000+05 8.00000+03          0          0          4          08005 8457
 1.00000+00 2.00000+00 1.60000-02 7.00000-03                      8005 8457
 1.33400+06 8.00000+03          0          0          4          08005 8457
 1.00000+00 1.00000+00 3.10000+00 1.30000+00                      8005 8457
 1.53800+06 8.00000+03          0          0          4          08005 8457
 1.00000+00 1.00000+00 9.60000+01 2.00000+00                      8005 8457
 0.00000+00 0.00000+00          0          0          0          08005 8  0
 0.00000+00 0.00000+00          0          0          0          08005 0  0
 0.00000+00 0.00000+00          0          0          0          0   0 0  0
 8.02050+04 2.03215+02         -1          0          1          18005 1451
 0.00000+00 1.00000+00          0          0          0          68005 1451
 0.00000+00 0.00000+00          0          0          4          68005 1451
 0.00000+00 0.00000+00          0          0         17          28005 1451
 80-HG-205 BNL        EVAL-SEP93 CONVERSION OF ENSDF              8005 1451
 71HI01/ENSDF/        DIST-MAR78 REV1-                            8005 1451
---- ENDF/A-6         MATERIAL 8005                               8005 1451
----- DECAY DATA                                                  8005 1451
------ ENDF-6                                                     8005 1451
  205HG B- DECAY (5.2 M 1)        I(MIN)=0.0010%                  8005 1451
         RADLST 5.5 [ 5-OCT-88].                                  8005 1451
1538-KEV  B E         SOME APPROXIMATE MEASUREMENTS LISTED IN     8005 1451
            71SC35                                                8005 1451
203.74-KEVG E         FROM 72BA53                                 8005 1451
203.74-KEVG CC        FROM 73KR02                                 8005 1451
1334-KEV  B IB        ESTIMATED BY 71HI01 TO BE 3.7% 15 BASED ON  8005 1451
            RATIOS OF IG(203.7) TO 197HG,203HG IG'S AND           8005 1451
            CC(203.7)=0.62; IB=3.1% IF CC IS REDUCED TO 0.44      8005 1451
618.6-KEV G           RI(618.6)/RI(415.6) IS  AP  TWICE AS LARGE  8005 1451
            AS IN COUL. EX. AND (N,N'G)                           8005 1451
   4 WEAK G  OMITTED WITH I= 0.003%; <E>=1151.04 KEV              8005 1451
 0.00000+00 0.00000+00          1        451         22          08005 1451
 0.00000+00 0.00000+00          8        457          0          08005 1451
 0.00000+00 0.00000+00          0          0          0          08005 1  0
 0.00000+00 0.00000+00          0          0          0          08005 0  0
 8.02050+04 2.03215+02          0          0          0          28005 8457
 3.12000+02 6.00000+00          0          0          6          08005 8457
 5.35000+05 1.30000+04 4.80000+03 2.10000+03 0.00000+00 0.00000+008005 8457
 5.00000-01-1.00000+00          0          0          6          18005 8457
 1.00000+00 0.00000+00 1.53800+06 8.00000+03 1.00000+00 0.00000+008005 8457
 0.00000+00 0.00000+00          0          0          6          88005 8457
 2.20000-04 1.00000-04 4.80000+03 2.10000+03 0.00000+00 0.00000+008005 8457
 2.03740+05 3.00000+01          0          0          8          08005 8457
 1.00000+00 0.00000+00 1.00000+02 0.00000+00 0.00000+00 0.00000+008005 8457
 4.40000-01 1.40000-02                                            8005 8457
 4.15600+05 3.00000+02          0          0          8          08005 8457
 1.00000+00 0.00000+00 5.90000-01 8.00000-02 0.00000+00 0.00000+008005 8457
 1.69000-01 5.00000-03                                            8005 8457
 6.18600+05 7.00000+02          0          0          4          08005 8457
 1.00000+00 0.00000+00 9.00000-02 2.00000-02                      8005 8457
 7.20800+05 8.00000+02          0          0          4          08005 8457
 1.00000+00 0.00000+00 5.10000-02 1.50000-02                      8005 8457
 9.37200+05 6.00000+02          0          0          4          08005 8457
 1.00000+00 0.00000+00 9.30000-02 2.00000-02                      8005 8457
 1.21870+06 4.00000+02          0          0          4          08005 8457
 1.00000+00 0.00000+00 2.80000-01 5.00000-02                      8005 8457
 1.23080+06 1.00000+03          0          0          4          08005 8457
 1.00000+00 0.00000+00 2.30000-02 1.00000-02                      8005 8457
 1.43390+06 5.00000+02          0          0          4          08005 8457
 1.00000+00 0.00000+00 2.00000-01 5.00000-02                      8005 8457
 0.00000+00 1.00000+00          0          0          6          78005 8457
 1.00000-02 0.00000+00 5.35000+05 1.30000+04 0.00000+00 0.00000+008005 8457
 1.04000+05 8.00000+03          0          0          4          08005 8457
 1.00000+00 1.00000+00 4.90000-03 2.50000-03                      8005 8457
 1.98000+05 8.00000+03          0          0          4          08005 8457
 1.00000+00 1.00000+00 6.00000-03 3.00000-03                      8005 8457
 3.19000+05 8.00000+03          0          0          4          08005 8457
 1.00000+00 1.00000+00 7.00000-03 4.00000-03                      8005 8457
 3.97000+05 8.00000+03          0          0          4          08005 8457
 1.00000+00 1.00000+00 3.00000-03 1.60000-03                      8005 8457
 9.19000+05 8.00000+03          0          0          4          08005 8457
 1.00000+00 2.00000+00 1.60000-02 7.00000-03                      8005 8457
 1.33400+06 8.00000+03          0          0          4          08005 8457
 1.00000+00 1.00000+00 3.10000+00 1.30000+00                      8005 8457
 1.53800+06 8.00000+03          0          0          4          08005 8457
 1.00000+00 1.00000+00 9.60000+01 2.00000+00                      8005 8457
 0.00000+00 0.00000+00          0          0          0          08005 8  0
 0.00000+00 0.00000+00          0          0          0          08005 0  0
 0.00000+00 0.00000+00          0          0          0          0   0 0  0
 9.82520+04 2.49916+02         -1          0          1          19852 1451
 0.00000+00 1.00000+00          0          0          0          69852 1451
 0.00000+00 0.00000+00          0          0          4          69852 1451
 0.00000+00 0.00000+00          0          0         14          29852 1451
 98-CF-252 BNL        EVAL-SEP93 CONVERSION OF ENSDF              9852 1451
 /ENSDF/              DIST-MAY81 REV1-                            9852 1451
---- ENDF/A-6         MATERIAL 9852                               9852 1451
----- DECAY DATA                                                  9852 1451
------ ENDF-6                                                     9852 1451
  252CF A DECAY (2.638 Y 10)      I(MIN)=0.0010%                  9852 1451
         RADLST 5.5 [ 5-OCT-88].                                  9852 1451
64AS10                                                            9852 1451
XL=7.8% 4 (71WA28)                                                9852 1451
ALPHAS:  E         FROM 70BA18 AND CORRECTED ACCORDING TO 71BB10  9852 1451
ALPHAS:  IA        AVERAGE OF 55AS42,70BA18                       9852 1451
ALPHAS:            LIMITS ON OTHER A'S, G'S GIVEN BY 63LE17,63BJ039852 1451
   4 WEAK CE OMITTED WITH I= 0.002%; <E>= 128.00 KEV              9852 1451
   4 WEAK G  OMITTED WITH I= 0.002%; <E>= 128.00 KEV              9852 1451
 0.00000+00 0.00000+00          1        451         19          09852 1451
 0.00000+00 0.00000+00          8        457          0          09852 1451
 0.00000+00 0.00000+00          0          0          0          09852 1  0
 0.00000+00 0.00000+00          0          0          0          09852 0  0
 9.82520+04 2.49916+02          0          0          0          49852 8457
 8.32000+07 4.00000+05          0          0          6          09852 8457
 3.84000+03 1.90000+02 1.09000+03 1.30000+02 6.02510+06 5.00000+029852 8457
 0.00000+00 1.00000+00          0          0          6          19852 8457
 4.00000+00 0.00000+00 6.21710+06 5.00000+02 9.69100-01 0.00000+009852 8457
 0.00000+00 0.00000+00          0          0          6          39852 8457
 9.69100-03 0.00000+00 2.00000+01 2.00000+01 0.00000+00 0.00000+009852 8457
 4.33990+04 2.50000+01          0          0         12          09852 8457
 4.00000+00 0.00000+00 1.53000-02 9.00000-04 0.00000+00 0.00000+009852 8457
 1.01000+03 3.00000+01 0.00000+00 0.00000+00 7.40000+02 4.00000+019852 8457
 1.00200+05 0.00000+00          0          0         12          09852 8457
 4.00000+00 0.00000+00 1.30000-02 0.00000+00 0.00000+00 0.00000+009852 8457
 1.90000+01 6.00000-01 0.00000+00 0.00000+00 1.36000+01 5.00000-019852 8457
 1.60000+05 1.50000+04          0          0         12          09852 8457
 4.00000+00 0.00000+00 2.00000-03 0.00000+00 0.00000+00 0.00000+009852 8457
 2.45000+00 8.00000-02 1.77000-01 6.00000-03 1.63000+00 6.00000-029852 8457
 0.00000+00 4.00000+00          0          0          6          49852 8457
 9.69100-03 0.00000+00 5.93070+06 5.00000+02 0.00000+00 0.00000+009852 8457
 5.82590+06 5.00000+02          0          0          4          09852 8457
 4.00000+00 0.00000+00 2.00000-03 0.00000+00                      9852 8457
 5.97650+06 5.00000+02          0          0          4          09852 8457
 4.00000+00 0.00000+00 2.40000-01 4.00000-02                      9852 8457
 6.07570+06 5.00000+02          0          0          4          09852 8457
 4.00000+00 0.00000+00 1.57000+01 3.00000-01                      9852 8457
 6.11830+06 5.00000+02          0          0          4          09852 8457
 4.00000+00 0.00000+00 8.42000+01 3.00000-01                      9852 8457
 0.00000+00 8.00000+00          0          0          6         119852 8457
 1.00000-02 0.00000+00 3.84000+03 1.90000+02 0.00000+00 0.00000+009852 8457
 1.07000+04 0.00000+00          0          0          4          09852 8457
 4.00000+00 0.00000+00 4.00000+00 8.00000-01                      9852 8457
 1.88700+04 3.00000+01          0          0          4          09852 8457
 4.00000+00 0.00000+00 1.10000+01 8.00000-01                      9852 8457
 3.20000+04 1.50000+04          0          0          4          09852 8457
 4.00000+00 0.00000+00 3.43600-04 0.00000+00                      9852 8457
 3.70600+04 3.00000+01          0          0          4          09852 8457
 4.00000+00 0.00000+00 3.07000+00 2.10000-01                      9852 8457
 7.56700+04 0.00000+00          0          0          4          09852 8457
 4.00000+00 0.00000+00 1.72000-01 6.00000-03                      9852 8457
 7.96000+04 0.00000+00          0          0          4          09852 8457
 4.00000+00 0.00000+00 6.87300-06 0.00000+00                      9852 8457
 9.38600+04 0.00000+00          0          0          4          09852 8457
 4.00000+00 0.00000+00 4.90000-02 4.00000-03                      9852 8457
 9.85100+04 0.00000+00          0          0          4          09852 8457
 4.00000+00 0.00000+00 1.91000-02 7.00000-04                      9852 8457
 1.35000+05 1.50000+04          0          0          4          09852 8457
 4.00000+00 0.00000+00 3.16100-03 0.00000+00                      9852 8457
 1.54000+05 1.50000+04          0          0          4          09852 8457
 4.00000+00 0.00000+00 8.91600-04 0.00000+00                      9852 8457
 1.58000+05 1.50000+04          0          0          4          09852 8457
 4.00000+00 0.00000+00 3.47100-04 0.00000+00                      9852 8457
 0.00000+00 9.00000+00          0          0          6          19852 8457
 1.00000-02 0.00000+00 1.06900+03 0.00000+00 0.00000+00 0.00000+009852 8457
 1.50000+04 0.00000+00          0          0          4          09852 8457
 4.00000+00 0.00000+00 7.10000+00 9.00000-01                      9852 8457
 0.00000+00 0.00000+00          0          0          0          09852 8  0
 0.00000+00 0.00000+00          0          0          0          09852 0  0
 0.00000+00 0.00000+00          0          0          0          0   0 0  0
 7.11720+04 1.70462+02         -1          0          1          17172 1451
 0.00000+00 1.00000+00          0          0          0          67172 1451
 0.00000+00 0.00000+00          0          0          4          67172 1451
 0.00000+00 0.00000+00          0          0          7          27172 1451
 71-LU-172 BNL        EVAL-SEP93 CONVERSION OF ENSDF              7172 1451
 /ENSDF/              DIST-DEC78 REV1-                            7172 1451
---- ENDF/A-6         MATERIAL 7172                               7172 1451
----- DECAY DATA                                                  7172 1451
------ ENDF-6                                                     7172 1451
  172LU EC DECAY (6.70 D 3)       I(MIN)=0.0010%                  7172 1451
         RADLST 5.5 [ 5-OCT-88].                                  7172 1451
 0.00000+00 0.00000+00          1        451         12          07172 1451
 0.00000+00 0.00000+00          8        457          0          07172 1451
 0.00000+00 0.00000+00          0          0          0          07172 1  0
 0.00000+00 0.00000+00          0          0          0          07172 0  0
 7.11720+04 1.70462+02          0          0          0          47172 8457
 5.79000+05 3.00000+03          0          0          6          07172 8457
 9.00000+04 3.00000+03 1.91100+06 1.80000+04 0.00000+00 0.00000+007172 8457
 4.00000+00-1.00000+00          0          0          6          17172 8457
 2.00000+00 0.00000+00 2.50000+06 0.00000+00 1.00000+00 0.00000+007172 8457
 0.00000+00 0.00000+00          0          0          6        1077172 8457
 1.00000-02 0.00000+00 1.85000+06 1.80000+04 0.00000+00 0.00000+007172 8457
 7.86700+04 0.00000+00          0          0         12          07172 8457
 2.00000+00 0.00000+00 1.06000+01 5.00000-01 0.00000+00 0.00000+007172 8457
 8.40000+00 3.00000-01 1.58000+00 6.00000-02 5.20000+00 3.00000-017172 8457
 9.05700+04 0.00000+00          0          0         12          07172 8457
 2.00000+00 0.00000+00 5.20000+00 3.00000-01 0.00000+00 0.00000+007172 8457
 4.74000+00 1.50000-01 1.91000+00 7.00000-02 2.15000+00 8.00000-027172 8457
 1.12700+05 0.00000+00          0          0          4          07172 8457
 2.00000+00 0.00000+00 4.50000+00 3.00000-01                      7172 8457
 1.34500+05 0.00000+00          0          0          4          07172 8457
 2.00000+00 0.00000+00 8.00000-02 1.00000-02                      7172 8457
 1.34500+05 0.00000+00          0          0          4          07172 8457
 2.00000+00 0.00000+00 8.00000-02 1.00000-02                      7172 8457
 1.34500+05 0.00000+00          0          0          4          07172 8457
 2.00000+00 0.00000+00 8.00000-02 1.00000-02                      7172 8457
 1.42500+05 0.00000+00          0          0          4          07172 8457
 2.00000+00 0.00000+00 5.60000-03 0.00000+00                      7172 8457
 1.45700+05 0.00000+00          0          0          4          07172 8457
 2.00000+00 0.00000+00 1.60000-01 4.00000-02                      7172 8457
 1.51100+05 0.00000+00          0          0          4          07172 8457
 2.00000+00 0.00000+00 9.00000-02 3.00000-02                      7172 8457
 1.81500+05 0.00000+00          0          0         12          07172 8457
 2.00000+00 0.00000+00 1.99000+01 1.10000+00 0.00000+00 0.00000+007172 8457
 3.77000-01 1.20000-02 2.19000-01 7.00000-03 1.20000-01 5.00000-037172 8457
 1.96400+05 0.00000+00          0          0          4          07172 8457
 2.00000+00 0.00000+00 1.20000-01 1.00000-02                      7172 8457
 1.97000+05 0.00000+00          0          0          4          07172 8457
 2.00000+00 0.00000+00 5.00000-03 0.00000+00                      7172 8457
 2.03400+05 0.00000+00          0          0          4          07172 8457
 2.00000+00 0.00000+00 6.00000+00 3.00000-01                      7172 8457
 2.10200+05 0.00000+00          0          0          4          07172 8457
 2.00000+00 0.00000+00 9.00000-02 2.00000-02                      7172 8457
 2.47100+05 0.00000+00          0          0          4          07172 8457
 2.00000+00 0.00000+00 5.00000-01 7.00000-02                      7172 8457
 2.54800+05 0.00000+00          0          0          4          07172 8457
 2.00000+00 0.00000+00 9.00000-02 1.00000-02                      7172 8457
 2.64800+05 0.00000+00          0          0          4          07172 8457
 2.00000+00 0.00000+00 6.50000-01 9.00000-02                      7172 8457
 2.70000+05 0.00000+00          0          0          4          07172 8457
 2.00000+00 0.00000+00 2.20000+00 1.40000-01                      7172 8457
 2.79700+05 0.00000+00          0          0         12          07172 8457
 2.00000+00 0.00000+00 1.10000+00 1.00000-01 0.00000+00 0.00000+007172 8457
 9.20000-02 3.00000-03 6.40000-02 3.00000-03 2.13000-02 7.00000-047172 8457
 2.93600+05 0.00000+00          0          0          4          07172 8457
 2.00000+00 0.00000+00 1.60000-03 0.00000+00                      7172 8457
 3.19100+05 0.00000+00          0          0          4          07172 8457
 2.00000+00 0.00000+00 1.70000-01 2.00000-02                      7172 8457
 3.23900+05 0.00000+00          0          0          4          07172 8457
 2.00000+00 0.00000+00 1.57000+00 6.00000-02                      7172 8457
 3.30400+05 0.00000+00          0          0          4          07172 8457
 2.00000+00 0.00000+00 6.20000-01 7.00000-02                      7172 8457
 3.47800+05 0.00000+00          0          0          4          07172 8457
 2.00000+00 0.00000+00 2.40000-03 0.00000+00                      7172 8457
 3.58500+05 0.00000+00          0          0          4          07172 8457
 2.00000+00 0.00000+00 1.20000-01 1.00000-02                      7172 8457
 3.66700+05 0.00000+00          0          0          4          07172 8457
 2.00000+00 0.00000+00 3.20000-01 4.00000-02                      7172 8457
 3.72500+05 0.00000+00          0          0          4          07172 8457
 2.00000+00 0.00000+00 2.77000+00 1.80000-01                      7172 8457
 3.77500+05 0.00000+00          0          0          4          07172 8457
 2.00000+00 0.00000+00 3.18000+00 1.00000-01                      7172 8457
 3.83100+05 0.00000+00          0          0          4          07172 8457
 2.00000+00 0.00000+00 5.00000-02 2.00000-02                      7172 8457
 3.99800+05 0.00000+00          0          0          4          07172 8457
 2.00000+00 0.00000+00 5.40000-01 3.00000-02                      7172 8457
 3.99800+05 0.00000+00          0          0          4          07172 8457
 2.00000+00 0.00000+00 5.40000-01 3.00000-02                      7172 8457
 4.10300+05 0.00000+00          0          0          4          07172 8457
 2.00000+00 0.00000+00 2.08000+00 7.00000-02                      7172 8457
 4.16600+05 0.00000+00          0          0          4          07172 8457
 2.00000+00 0.00000+00 8.00000-02 1.00000-02                      7172 8457
 4.23000+05 0.00000+00          0          0          4          07172 8457
 2.00000+00 0.00000+00 1.70000-01 2.00000-02                      7172 8457
 4.23000+05 0.00000+00          0          0          4          07172 8457
 2.00000+00 0.00000+00 2.20000-03 0.00000+00                      7172 8457
 4.27600+05 0.00000+00          0          0          4          07172 8457
 2.00000+00 0.00000+00 1.50000-01 2.00000-02                      7172 8457
 4.32500+05 0.00000+00          0          0          4          07172 8457
 2.00000+00 0.00000+00 1.54000+00 9.00000-02                      7172 8457
 4.36100+05 0.00000+00          0          0          4          07172 8457
 2.00000+00 0.00000+00 6.30000-03 0.00000+00                      7172 8457
 4.37600+05 0.00000+00          0          0          4          07172 8457
 2.00000+00 0.00000+00 2.40000-01 2.00000-02                      7172 8457
 4.43400+05 0.00000+00          0          0          4          07172 8457
 2.00000+00 0.00000+00 1.60000-01 2.00000-02                      7172 8457
 4.82100+05 0.00000+00          0          0          4          07172 8457
 2.00000+00 0.00000+00 7.20000-01 5.00000-02                      7172 8457
 4.86200+05 0.00000+00          0          0          4          07172 8457
 2.00000+00 0.00000+00 7.40000-01 8.00000-02                      7172 8457
 4.90400+05 0.00000+00          0          0          4          07172 8457
 2.00000+00 0.00000+00 2.00000+00 1.30000-01                      7172 8457
 5.12800+05 0.00000+00          0          0          4          07172 8457
 2.00000+00 0.00000+00 1.60000-01 2.00000-02                      7172 8457
 5.24300+05 0.00000+00          0          0          4          07172 8457
 2.00000+00 0.00000+00 2.40000-01 5.00000-02                      7172 8457
 5.28200+05 0.00000+00          0          0          4          07172 8457
 2.00000+00 0.00000+00 4.01000+00 1.20000-01                      7172 8457
 5.36300+05 0.00000+00          0          0          4          07172 8457
 2.00000+00 0.00000+00 7.00000-01 4.00000-02                      7172 8457
 5.40200+05 0.00000+00          0          0          4          07172 8457
 2.00000+00 0.00000+00 1.34000+00 9.00000-02                      7172 8457
 5.51200+05 0.00000+00          0          0          4          07172 8457
 2.00000+00 0.00000+00 4.30000-01 3.00000-02                      7172 8457
 5.65500+05 0.00000+00          0          0          4          07172 8457
 2.00000+00 0.00000+00 1.10000-03 0.00000+00                      7172 8457
 5.66300+05 0.00000+00          0          0          4          07172 8457
 2.00000+00 0.00000+00 1.70000-01 9.00000-02                      7172 8457
 5.76800+05 0.00000+00          0          0          4          07172 8457
 2.00000+00 0.00000+00 3.60000-01 3.00000-02                      7172 8457
 5.84600+05 0.00000+00          0          0          4          07172 8457
 2.00000+00 0.00000+00 3.70000-01 5.00000-02                      7172 8457
 5.94600+05 0.00000+00          0          0          4          07172 8457
 2.00000+00 0.00000+00 5.80000-01 7.00000-02                      7172 8457
 6.07200+05 0.00000+00          0          0          4          07172 8457
 2.00000+00 0.00000+00 6.50000-01 5.00000-02                      7172 8457
 6.25600+05 0.00000+00          0          0          4          07172 8457
 2.00000+00 0.00000+00 2.90000-01 4.00000-02                      7172 8457
 6.30800+05 0.00000+00          0          0          4          07172 8457
 2.00000+00 0.00000+00 3.00000-01 6.00000-02                      7172 8457
 6.44400+05 0.00000+00          0          0          4          07172 8457
 2.00000+00 0.00000+00 2.40000-01 6.00000-02                      7172 8457
 6.81800+05 0.00000+00          0          0          4          07172 8457
 2.00000+00 0.00000+00 7.60000-01 6.00000-02                      7172 8457
 6.97300+05 0.00000+00          0          0          4          07172 8457
 2.00000+00 0.00000+00 5.90000+00 3.00000-01                      7172 8457
 7.09100+05 0.00000+00          0          0          4          07172 8457
 2.00000+00 0.00000+00 7.20000-01 4.00000-02                      7172 8457
 7.23000+05 0.00000+00          0          0          4          07172 8457
 2.00000+00 0.00000+00 4.90000-01 4.00000-02                      7172 8457
 8.10100+05 0.00000+00          0          0          4          07172 8457
 2.00000+00 0.00000+00 1.60000+01 4.00000-01                      7172 8457
 8.16300+05 0.00000+00          0          0          4          07172 8457
 2.00000+00 0.00000+00 1.10000+00 7.00000-02                      7172 8457
 9.00700+05 0.00000+00          0          0          4          07172 8457
 2.00000+00 0.00000+00 2.88000+01 7.00000-01                      7172 8457
 9.12100+05 0.00000+00          0          0          4          07172 8457
 2.00000+00 0.00000+00 1.47000+01 4.00000-01                      7172 8457
 9.29100+05 0.00000+00          0          0          4          07172 8457
 2.00000+00 0.00000+00 3.15000+00 1.10000-01                      7172 8457
 9.67500+05 0.00000+00          0          0          4          07172 8457
 2.00000+00 0.00000+00 1.90000-01 4.00000-02                      7172 8457
 9.70600+05 0.00000+00          0          0          4          07172 8457
 2.00000+00 0.00000+00 1.00000-01 3.00000-02                      7172 8457
 1.00300+06 0.00000+00          0          0          4          07172 8457
 2.00000+00 0.00000+00 5.26000+00 1.20000-01                      7172 8457
 1.01900+06 0.00000+00          0          0          4          07172 8457
 2.00000+00 0.00000+00 1.70000-01 1.00000-01                      7172 8457
 1.02200+06 0.00000+00          0          0          4          07172 8457
 2.00000+00 0.00000+00 1.48000+00 6.00000-02                      7172 8457
 1.04100+06 0.00000+00          0          0          4          07172 8457
 2.00000+00 0.00000+00 3.80000-01 5.00000-02                      7172 8457
 1.08100+06 0.00000+00          0          0          4          07172 8457
 2.00000+00 0.00000+00 1.14000+00 3.00000-02                      7172 8457
 1.09400+06 0.00000+00          0          0          4          07172 8457
 2.00000+00 0.00000+00 6.36000+01 1.30000+00                      7172 8457
 1.11300+06 0.00000+00          0          0          4          07172 8457
 2.00000+00 0.00000+00 1.88000+00 9.00000-02                      7172 8457
 1.11600+06 0.00000+00          0          0          4          07172 8457
 2.00000+00 0.00000+00 2.00000-01 4.00000-02                      7172 8457
 1.16600+06 0.00000+00          0          0          4          07172 8457
 2.00000+00 0.00000+00 1.40000-01 3.00000-02                      7172 8457
 1.18400+06 0.00000+00          0          0          4          07172 8457
 2.00000+00 0.00000+00 4.90000-01 3.00000-02                      7172 8457
 1.20600+06 0.00000+00          0          0          4          07172 8457
 2.00000+00 0.00000+00 2.20000-02 0.00000+00                      7172 8457
 1.28900+06 0.00000+00          0          0          4          07172 8457
 2.00000+00 0.00000+00 1.50000-01 2.00000-02                      7172 8457
 1.32200+06 0.00000+00          0          0          4          07172 8457
 2.00000+00 0.00000+00 1.50000-01 3.00000-02                      7172 8457
 1.34800+06 0.00000+00          0          0          4          07172 8457
 2.00000+00 0.00000+00 4.50000-03 0.00000+00                      7172 8457
 1.38700+06 0.00000+00          0          0          4          07172 8457
 2.00000+00 0.00000+00 8.00000-01 1.00000-02                      7172 8457
 1.39700+06 0.00000+00          0          0          4          07172 8457
 2.00000+00 0.00000+00 3.40000-01 5.00000-02                      7172 8457
 1.40300+06 0.00000+00          0          0          4          07172 8457
 2.00000+00 0.00000+00 6.10000-01 5.00000-02                      7172 8457
 1.44100+06 0.00000+00          0          0          4          07172 8457
 2.00000+00 0.00000+00 6.00000-02 5.00000-02                      7172 8457
 1.46600+06 0.00000+00          0          0          4          07172 8457
 2.00000+00 0.00000+00 6.60000-01 4.00000-02                      7172 8457
 1.47000+06 0.00000+00          0          0          4          07172 8457
 2.00000+00 0.00000+00 6.00000-01 3.00000-02                      7172 8457
 1.48900+06 0.00000+00          0          0          4          07172 8457
 2.00000+00 0.00000+00 1.10000+00 4.00000-02                      7172 8457
 1.53000+06 0.00000+00          0          0          4          07172 8457
 2.00000+00 0.00000+00 1.40000-01 3.00000-02                      7172 8457
 1.54300+06 0.00000+00          0          0          4          07172 8457
 2.00000+00 0.00000+00 9.60000-01 5.00000-02                      7172 8457
 1.58000+06 0.00000+00          0          0          4          07172 8457
 2.00000+00 0.00000+00 2.00000-01 2.00000-02                      7172 8457
 1.58400+06 0.00000+00          0          0          4          07172 8457
 2.00000+00 0.00000+00 2.53000+00 1.30000-01                      7172 8457
 1.60300+06 0.00000+00          0          0          4          07172 8457
 2.00000+00 0.00000+00 2.90000-01 3.00000-02                      7172 8457
 1.60900+06 0.00000+00          0          0          4          07172 8457
 2.00000+00 0.00000+00 1.00000-01 1.00000-02                      7172 8457
 1.62200+06 0.00000+00          0          0          4          07172 8457
 2.00000+00 0.00000+00 2.13000+00 8.00000-02                      7172 8457
 1.66600+06 0.00000+00          0          0          4          07172 8457
 2.00000+00 0.00000+00 1.70000-01 7.00000-02                      7172 8457
 1.67000+06 0.00000+00          0          0          4          07172 8457
 2.00000+00 0.00000+00 5.50000-01 7.00000-02                      7172 8457
 1.72400+06 0.00000+00          0          0          4          07172 8457
 2.00000+00 0.00000+00 4.30000-01 2.00000-02                      7172 8457
 1.81300+06 0.00000+00          0          0          4          07172 8457
 2.00000+00 0.00000+00 1.80000-01 1.00000-02                      7172 8457
 1.91500+06 0.00000+00          0          0          4          07172 8457
 2.00000+00 0.00000+00 5.80000-01 3.00000-02                      7172 8457
 1.93100+06 0.00000+00          0          0          4          07172 8457
 2.00000+00 0.00000+00 4.00000-02 1.00000-02                      7172 8457
 1.99400+06 0.00000+00          0          0          4          07172 8457
 2.00000+00 0.00000+00 1.60000-01 2.00000-02                      7172 8457
 2.02500+06 0.00000+00          0          0          4          07172 8457
 2.00000+00 0.00000+00 5.00000-02 2.00000-02                      7172 8457
 2.08300+06 0.00000+00          0          0          4          07172 8457
 2.00000+00 0.00000+00 3.00000-01 6.00000-02                      7172 8457
 2.09600+06 0.00000+00          0          0          4          07172 8457
 2.00000+00 0.00000+00 1.10000-01 3.00000-02                      7172 8457
 0.00000+00 2.00000+00          0          0          6         237172 8457
 1.00000-02 0.00000+00 3.90020+02 1.60000-01 0.00000+00 0.00000+007172 8457
 1.56400+05 0.00000+00          0          0          6          07172 8457
 2.00000+00 1.00000+00 2.20000+00 1.00000-01 0.00000+00 0.00000+007172 8457
 2.14800+05 0.00000+00          0          0          6          07172 8457
 2.00000+00 1.00000+00 5.70000+00 2.00000-01 0.00000+00 0.00000+007172 8457
 2.86700+05 0.00000+00          0          0          6          07172 8457
 2.00000+00 1.00000+00 5.40000-01 6.00000-02 0.00000+00 0.00000+007172 8457
 3.08100+05 0.00000+00          0          0          6          07172 8457
 2.00000+00 1.00000+00 5.20000+00 2.00000-01 0.00000+00 0.00000+007172 8457
 3.18200+05 0.00000+00          0          0          6          07172 8457
 2.00000+00 1.00000+00 5.00000-01 5.00000-02 0.00000+00 0.00000+007172 8457
 3.25000+05 0.00000+00          0          0          6          07172 8457
 2.00000+00 1.00000+00 1.90000+00 1.00000-01 0.00000+00 0.00000+007172 8457
 4.27000+05 0.00000+00          0          0          6          07172 8457
 2.00000+00 1.00000+00 6.23000+01 9.00000-01 0.00000+00 0.00000+007172 8457
 5.73100+05 0.00000+00          0          0          6          07172 8457
 2.00000+00 1.00000+00 4.00000-01 8.00000-02 0.00000+00 0.00000+007172 8457
 6.37200+05 0.00000+00          0          0          6          07172 8457
 2.00000+00 1.00000+00 2.40000-01 9.00000-02 0.00000+00 0.00000+007172 8457
 6.97000+05 0.00000+00          0          0          6          07172 8457
 2.00000+00 1.00000+00 4.10000-01 1.90000-01 0.00000+00 0.00000+007172 8457
 7.07700+05 0.00000+00          0          0          6          07172 8457
 2.00000+00 1.00000+00 3.00000-02 2.00000-02 0.00000+00 0.00000+007172 8457
 7.93800+05 0.00000+00          0          0          6          07172 8457
 2.00000+00 1.00000+00 7.20000-01 9.00000-02 0.00000+00 0.00000+007172 8457
 7.99400+05 0.00000+00          0          0          6          07172 8457
 2.00000+00 1.00000+00 3.80000+00 3.00000-01 0.00000+00 0.00000+007172 8457
 8.37200+05 0.00000+00          0          0          6          07172 8457
 2.00000+00 1.00000+00 3.60000+00 2.00000-01 0.00000+00 0.00000+007172 8457
 8.42100+05 0.00000+00          0          0          6          07172 8457
 2.00000+00 1.00000+00 1.50000-01 8.00000-02 0.00000+00 0.00000+007172 8457
 8.59600+05 0.00000+00          0          0          6          07172 8457
 2.00000+00 1.00000+00 2.10000+00 2.00000-01 0.00000+00 0.00000+007172 8457
 8.90800+05 0.00000+00          0          0          6          07172 8457
 2.00000+00 1.00000+00 2.60000-01 9.00000-02 0.00000+00 0.00000+007172 8457
 9.50800+05 0.00000+00          0          0          6          07172 8457
 2.00000+00 1.00000+00 3.70000-01 6.00000-02 0.00000+00 0.00000+007172 8457
 1.12400+06 0.00000+00          0          0          6          07172 8457
 2.00000+00 1.00000+00 1.50000+00 5.00000-01 0.00000+00 0.00000+007172 8457
 1.23700+06 0.00000+00          0          0          6          07172 8457
 2.00000+00 1.00000+00 3.40000+00 1.70000+00 0.00000+00 0.00000+007172 8457
 1.32800+06 0.00000+00          0          0          6          07172 8457
 2.00000+00 1.00000+00 4.30000+00 2.20000+00 0.00000+00 0.00000+007172 8457
 1.96000+06 0.00000+00          0          0          6          07172 8457
 2.00000+00 2.00000+00 3.30000-01 1.20000-01 0.00000+00 0.00000+007172 8457
 2.24000+06 0.00000+00          0          0          6          07172 8457
 2.00000+00 1.00000+00 1.57000+00 0.00000+00 7.00000-02 0.00000+007172 8457
 0.00000+00 8.00000+00          0          0          6         187172 8457
 1.00000-02 0.00000+00 8.90000+04 3.00000+03 0.00000+00 0.00000+007172 8457
 5.84000+03 0.00000+00          0          0          4          07172 8457
 2.00000+00 0.00000+00 1.33000+02 7.00000+00                      7172 8457
 1.73400+04 0.00000+00          0          0          4          07172 8457
 2.00000+00 0.00000+00 1.66000+01 9.00000-01                      7172 8457
 2.92400+04 0.00000+00          0          0          4          07172 8457
 2.00000+00 0.00000+00 1.00000+01 7.00000-01                      7172 8457
 4.22000+04 0.00000+00          0          0          4          07172 8457
 2.00000+00 0.00000+00 5.55000+00 1.40000-01                      7172 8457
 6.81800+04 0.00000+00          0          0          4          07172 8457
 2.00000+00 0.00000+00 5.50000+01 4.00000+00                      7172 8457
 7.62700+04 0.00000+00          0          0          4          07172 8457
 2.00000+00 0.00000+00 1.35000+01 8.00000-01                      7172 8457
 7.81800+04 0.00000+00          0          0          4          07172 8457
 2.00000+00 0.00000+00 3.70000+00 3.00000-01                      7172 8457
 8.00800+04 0.00000+00          0          0          4          07172 8457
 2.00000+00 0.00000+00 1.13000+01 7.00000-01                      7172 8457
 8.81700+04 0.00000+00          0          0          4          07172 8457
 2.00000+00 0.00000+00 2.76000+00 1.80000-01                      7172 8457
 9.00800+04 0.00000+00          0          0          4          07172 8457
 2.00000+00 0.00000+00 7.70000-01 5.00000-02                      7172 8457
 1.20100+05 0.00000+00          0          0          4          07172 8457
 2.00000+00 0.00000+00 4.40000+00 3.00000-01                      7172 8457
 1.71000+05 0.00000+00          0          0          4          07172 8457
 2.00000+00 0.00000+00 2.39000+00 1.50000-01                      7172 8457
 1.79100+05 0.00000+00          0          0          4          07172 8457
 2.00000+00 0.00000+00 5.80000-01 6.00000-02                      7172 8457
 1.81000+05 0.00000+00          0          0          4          07172 8457
 2.00000+00 0.00000+00 1.57000-01 1.10000-02                      7172 8457
 2.18400+05 0.00000+00          0          0          4          07172 8457
 2.00000+00 0.00000+00 7.10000-02 7.00000-03                      7172 8457
 2.69200+05 0.00000+00          0          0          4          07172 8457
 2.00000+00 0.00000+00 2.34000-02 2.10000-03                      7172 8457
 2.77300+05 0.00000+00          0          0          4          07172 8457
 2.00000+00 0.00000+00 5.60000-03 6.00000-04                      7172 8457
 2.79200+05 0.00000+00          0          0          4          07172 8457
 2.00000+00 0.00000+00 1.60000-03 3.00000-04                      7172 8457
 0.00000+00 9.00000+00          0          0          6          57172 8457
 1.00000-02 0.00000+00 6.07359+04 3.00000-01 0.00000+00 0.00000+007172 8457
 7.42000+03 0.00000+00          0          0          4          07172 8457
 2.00000+00 0.00000+00 4.40000+01 6.00000+00                      7172 8457
 5.13540+04 5.00000-01          0          0          4          07172 8457
 2.00000+00 0.00000+00 3.03000+01 9.00000-01                      7172 8457
 5.23889+04 5.00000-01          0          0          4          07172 8457
 2.00000+00 0.00000+00 5.35000+01 1.40000+00                      7172 8457
 5.94000+04 0.00000+00          0          0          4          07172 8457
 2.00000+00 0.00000+00 2.21000+01 7.00000-01                      7172 8457
 5.11000+05 0.00000+00          0          0          4          07172 8457
 2.00000+00 0.00000+00 1.40000-01 0.00000+00                      7172 8457
 0.00000+00 0.00000+00          0          0          0          07172 8  0
 0.00000+00 0.00000+00          0          0          0          07172 0  0
 0.00000+00 0.00000+00          0          0          0          0   0 0  0
 9.52420+04 2.39980+02         -1          0          1          19542 1451
 4.86305+04 1.00000+00          1          1          0          69542 1451
 0.00000+00 0.00000+00          0          0          4          69542 1451
 0.00000+00 0.00000+00          0          0          7          29542 1451
 95-AM-242MBNL        EVAL-SEP93 CONVERSION OF ENSDF              9542 1451
 /ENSDF/              DIST-AUG85 REV1-                            9542 1451
---- ENDF/A-6         MATERIAL 9542                               9542 1451
----- DECAY DATA                                                  9542 1451
------ ENDF-6                                                     9542 1451
  242AM IT DECAY  (141 Y 2)       I(MIN)=0.0010%                  9542 1451
         RADLST 5.5 [ 5-OCT-88].                                  9542 1451
 0.00000+00 0.00000+00          1        451         12          09542 1451
 0.00000+00 0.00000+00          8        457          0          09542 1451
 0.00000+00 0.00000+00          0          0          0          09542 1  0
 0.00000+00 0.00000+00          0          0          0          09542 0  0
 9.52420+04 2.39980+02          1          1          0          19542 8457
 4.45000+09 7.00000+07          0          0          6          09542 8457
 0.00000+00 0.00000+00 4.83900+04 1.10000+02 0.00000+00 0.00000+009542 8457
 5.00000+00-1.00000+00          0          0          6          19542 8457
 3.00000+00 0.00000+00 4.86300+04 5.00000+01 9.95000-01 0.00000+009542 8457
 0.00000+00 0.00000+00          0          0          6          19542 8457
 9.95000-03 0.00000+00 4.83900+04 1.10000+02 0.00000+00 0.00000+009542 8457
 4.86300+04 5.00000+01          0          0          4          09542 8457
 3.00000+00 0.00000+00 1.00000+02 0.00000+00                      9542 8457
 0.00000+00 0.00000+00          0          0          0          09542 8  0
 0.00000+00 0.00000+00          0          0          0          09542 0  0
 0.00000+00 0.00000+00          0          0          0          0   0 0  0
 5.31260+04 1.24824+02         -1          0          1          15326 1451
 0.00000+00 1.00000+00          1          1          0          65326 1451
 0.00000+00 0.00000+00          0          0          4          65326 1451
 0.00000+00 0.00000+00          0          0         43          25326 1451
 53-I -126 BNL        EVAL-SEP93 CONVERSION OF ENSDF              5326 1451
 77JA04/ENSDF/        DIST-DEC82 REV1-                            5326 1451
---- ENDF/A-6         MATERIAL 5326                               5326 1451
----- DECAY DATA                                                  5326 1451
------ ENDF-6                                                     5326 1451
 COMBINED DATA SETS               I(MIN)=0.0010%                  5326 1451
         RADLST 5.5 [ 5-OCT-88].                                  5326 1451
126I EC DECAY                 77JA04                              5326 1451
77JA04: 127I(N,2N), COMPTON SUPPRESSION SPECTROMETER, SEMI G      5326 1451
OTHERS: SEMI G: 70GA32, 70SI05, 71MI20, 71ZH01, 72KA20, 75OK04,   5326 1451
            76GR04; MAGNETIC SPECTROMETER: 70GA32, 71ZH01         5326 1451
THE DECAY SCHEME IS THAT PROPOSED BY 77JA04. EVALUATORS NOTE THAT 5326 1451
            THE 1396(0+), 1685(0+), 2601(0+) AND 2051 STATES IN   5326 1451
            126TE IN THE DECAY PROPOSED BY 71ZH01 HAVE NOT BEEN   5326 1451
            CONFIRMED BY 75OK04, 76GR04 OR 77JA04                 5326 1451
          SEE ALSO 126I B- DECAY                                  5326 1451
GAMMAS:  E         FROM 77JA04. THE EVALUATORS HAVE ADDED 10 EV IN5326 1451
            QUADRATURE TO THE UNCERTAINTIES OF 77JA04 TO ACCOUNT  5326 1451
            FOR THE UNCERTAINTY IN CALIBRATION.                   5326 1451
GAMMAS:  RI        FROM 77JA04.                                   5326 1451
GAMMAS:            I(G+-)/I(666G)=0.0587 18.                      5326 1451
NORMALIZATION:  BR        FROM I(B+)/I(B-)=0.028 1 (55KO14),      5326 1451
            I(406B+)/I(1110B+)= 0.29 1 (55KO14, UNCERTAINTY       5326 1451
            ASSIGNED BY EVALUATORS), ADOPTED IG, EC/B-=1.27 10    5326 1451
            (55KO14, AUTHORS' VALUE CORRECTED BY EVALUATORS FOR   5326 1451
            KC(137BA)=0.0916 AND OMEGA(K) FROM 72BB16), ADOPTED CC5326 1451
            AND EC/B+(GS)=23.1 5 (1U THEORY).                     5326 1451
1490-KEV  E IB        FROM B+(666 LEVEL)/B+(GS)=0.29 1 (55KO14)   5326 1451
126I B- DECAY                 77JA04                              5326 1451
77JA04: 127I(N,2N), COMPTON SUPPRESSION SPECTROMETER, SEMI G      5326 1451
76SA28: 126TE(P,N) MS; GG(THETA,H,T)                              5326 1451
          SEE ALSO 126I EC DECAY. BRANCHING FROM 126I EC DECAY    5326 1451
GAMMAS:  E         FROM 77JA04. THE EVALUATORS HAVE ADDED 10 EV IN5326 1451
            QUADRATURE TO THE UNCERTAINTIES OF 77JA04 TO ACCOUNT  5326 1451
            FOR THE UNCERTAINTY IN CALIBRATION. EKC AND K/LM      5326 1451
            (53MA59, 55KO14)                                      5326 1451
GAMMAS:  RI        RELATIVE TO I(666.331G IN 126TE)=1000 (77JA04) 5326 1451
NORMALIZATION:  BR        SEE 126I EC DECAY                       5326 1451
1251-KEV  B           FIRST-FORBIDDEN UNIQUE SHAPE (53MA59,       5326 1451
            55KO14)                                               5326 1451
862-KEV   B           ALLOWED SHAPE (55KO14)                      5326 1451
371-KEV   B E         FROM BG-COIN (55KO14)                       5326 1451
   3 WEAK G  OMITTED WITH I= 0.001%; <E>= 765.45 KEV              5326 1451
 0.00000+00 0.00000+00          1        451         48          05326 1451
 0.00000+00 0.00000+00          8        457          0          05326 1451
 0.00000+00 0.00000+00          0          0          0          05326 1  0
 0.00000+00 0.00000+00          0          0          0          05326 0  0
 5.31260+04 1.24824+02          1          1          0          55326 8457
 1.12500+06 6.00000+03          0          0          6          05326 8457
 1.45000+05 2.10000+03 4.33000+05 2.00000+04 0.00000+00 0.00000+005326 8457
 2.00000+00-1.00000+00          0          0         12          25326 8457
 2.00000+00 0.00000+00 2.15600+06 5.00000+03 5.63000-01 2.00000-025326 8457
 1.00000+00 0.00000+00 1.25100+06 5.00000+03 4.37000-01 2.00000-025326 8457
 0.00000+00 0.00000+00          0          0          6          85326 8457
 1.00000-02 0.00000+00 4.09000+05 2.00000+04 0.00000+00 0.00000+005326 8457
 3.88633+05 1.10000+01          0          0         12          05326 8457
 1.00000+00 0.00000+00 3.40000+01 3.00000+00 0.00000+00 0.00000+005326 8457
 1.87000-02 6.00000-04 1.56000-02 2.10000-03 2.44000-03 2.20000-045326 8457
 4.91243+05 1.10000+01          0          0         12          05326 8457
 1.00000+00 0.00000+00 2.85000+00 2.20000-01 0.00000+00 0.00000+005326 8457
 9.44000-03 0.00000+00 7.98000-03 0.00000+00 1.70000-04 1.70000-045326 8457
 6.66331+05 1.20000+01          0          0         10          05326 8457
 2.00000+00 0.00000+00 3.31000+01 2.50000+00 0.00000+00 0.00000+005326 8457
 3.82000-03 0.00000+00 3.25000-03 2.40000-04                      5326 8457
 7.53819+05 1.30000+01          0          0          8          05326 8457
 2.00000+00 0.00000+00 4.20000+00 4.00000-01 0.00000+00 0.00000+005326 8457
 2.80000-03 0.00000+00                                            5326 8457
 8.79876+05 1.30000+01          0          0          4          05326 8457
 1.00000+00 0.00000+00 7.50000-01 6.00000-02                      5326 8457
 1.37900+06 0.00000+00          0          0          4          05326 8457
 2.00000+00 0.00000+00 2.38000-03 2.40000-04                      5326 8457
 1.42019+06 3.00000+01          0          0          4          05326 8457
 2.00000+00 0.00000+00 2.95000-01 2.30000-02                      5326 8457
 2.04509+06 5.00000+01          0          0          4          05326 8457
 2.00000+00 0.00000+00 4.60000-03 5.00000-04                      5326 8457
 0.00000+00 1.00000+00          0          0          6          35326 8457
 1.00000-02 0.00000+00 1.33500+05 1.90000+03 0.00000+00 0.00000+005326 8457
 3.71000+05 5.00000+03          0          0          4          05326 8457
 1.00000+00 1.00000+00 3.60000+00 4.00000-01                      5326 8457
 8.62000+05 5.00000+03          0          0          4          05326 8457
 1.00000+00 1.00000+00 3.21000+01 1.50000+00                      5326 8457
 1.25100+06 5.00000+03          0          0          4          05326 8457
 1.00000+00 2.00000+00 8.00000+00 5.00000-01                      5326 8457
 0.00000+00 2.00000+00          0          0          6          45326 8457
 1.00000-02 0.00000+00 5.50000+03 9.00000+02 0.00000+00 0.00000+005326 8457
 1.11000+05 5.00000+03          0          0          6          05326 8457
 2.00000+00 1.00000+00 1.20000-02 1.00000-03 0.00000+00 0.00000+005326 8457
 7.36000+05 5.00000+03          0          0          6          05326 8457
 2.00000+00 1.00000+00 5.00000+00 4.00000+00 0.00000+00 0.00000+005326 8457
 1.49000+06 5.00000+03          0          0          6          05326 8457
 2.00000+00 1.00000+00 2.95000+01 2.50000+00 2.03000-01 2.40000-025326 8457
 2.15600+06 5.00000+03          0          0          6          05326 8457
 2.00000+00 2.00000+00 2.30000+01 4.00000+00 9.60000-01 1.80000-015326 8457
 0.00000+00 8.00000+00          0          0          6         125326 8457
 1.00000-02 0.00000+00 5.90000+03 4.00000+02 0.00000+00 0.00000+005326 8457
 3.19000+03 0.00000+00          0          0          4          05326 8457
 2.00000+00 0.00000+00 4.50000+01 5.00000+00                      5326 8457
 3.43000+03 0.00000+00          0          0          4          05326 8457
 1.00000+00 0.00000+00 5.30000-01 8.00000-02                      5326 8457
 2.27000+04 0.00000+00          0          0          4          05326 8457
 2.00000+00 0.00000+00 6.00000+00 7.00000-01                      5326 8457
 2.46000+04 0.00000+00          0          0          4          05326 8457
 1.00000+00 0.00000+00 6.10000-02 9.00000-03                      5326 8457
 3.56819+05 1.10000+01          0          0          4          05326 8457
 2.00000+00 0.00000+00 5.30000-01 8.00000-02                      5326 8457
 3.83694+05 1.10000+01          0          0          4          05326 8457
 2.00000+00 0.00000+00 8.30000-02 1.00000-02                      5326 8457
 3.87627+05 1.10000+01          0          0          4          05326 8457
 2.00000+00 0.00000+00 1.70000-02 7.00000-03                      5326 8457
 3.88465+05 1.10000+01          0          0          4          05326 8457
 2.00000+00 0.00000+00 4.00000-03 4.00000-03                      5326 8457
 4.59429+05 1.10000+01          0          0          4          05326 8457
 2.00000+00 0.00000+00 2.27000-02 2.00000-03                      5326 8457
 4.86304+05 1.10000+01          0          0          4          05326 8457
 2.00000+00 0.00000+00 3.30000-03 6.00000-04                      5326 8457
 4.90237+05 1.10000+01          0          0          4          05326 8457
 2.00000+00 0.00000+00 7.00000-04 5.00000-04                      5326 8457
 6.34517+05 1.20000+01          0          0          4          05326 8457
 2.00000+00 0.00000+00 1.08000-01 1.20000-02                      5326 8457
 0.00000+00 9.00000+00          0          0          6          95326 8457
 1.00000-02 0.00000+00 2.38800+04 0.00000+00 0.00000+00 0.00000+005326 8457
 3.77000+03 0.00000+00          0          0          4          05326 8457
 2.00000+00 0.00000+00 4.50000+00 5.00000-01                      5326 8457
 4.11000+03 0.00000+00          0          0          4          05326 8457
 1.00000+00 0.00000+00 5.90000-02 2.00000-02                      5326 8457
 2.72000+04 0.00000+00          0          0          4          05326 8457
 2.00000+00 0.00000+00 1.19000+01 1.30000+00                      5326 8457
 2.74700+04 0.00000+00          0          0          4          05326 8457
 2.00000+00 0.00000+00 2.22000+01 2.40000+00                      5326 8457
 2.94580+04 1.00000+00          0          0          4          05326 8457
 1.00000+00 0.00000+00 1.40000-01 2.10000-02                      5326 8457
 2.97790+04 1.00000+00          0          0          4          05326 8457
 1.00000+00 0.00000+00 2.60000-01 4.00000-02                      5326 8457
 3.10000+04 0.00000+00          0          0          4          05326 8457
 2.00000+00 0.00000+00 7.70000+00 9.00000-01                      5326 8457
 3.36000+04 0.00000+00          0          0          4          05326 8457
 1.00000+00 0.00000+00 9.20000-02 1.40000-02                      5326 8457
 5.11000+05 0.00000+00          0          0          4          05326 8457
 2.00000+00 0.00000+00 2.30000+00 7.00000-01                      5326 8457
 0.00000+00 0.00000+00          0          0          0          05326 8  0
 0.00000+00 0.00000+00          0          0          0          05326 0  0
 0.00000+00 0.00000+00          0          0          0          0   0 0  0
 2.40570+04 5.64543+01         -1          0          1          12457 1451
 0.00000+00 1.00000+00          1          1          0          62457 1451
 0.00000+00 0.00000+00          0          0          4          62457 1451
 0.00000+00 0.00000+00          0          0         28          22457 1451
 24-CR- 57 BNL        EVAL-SEP93 CONVERSION OF ENSDF              2457 1451
 78DA04/ENSDF/        DIST-JAN86 REV1-                            2457 1451
---- ENDF/A-6         MATERIAL 2457                               2457 1451
----- DECAY DATA                                                  2457 1451
------ ENDF-6                                                     2457 1451
  57CR B- DECAY (21.1 S 10)       I(MIN)=0.0010%                  2457 1451
         RADLST 5.5 [ 5-OCT-88].                                  2457 1451
MEASURED G'S, B'S, 205.8G(T), AND GG- AND BG-COINCIDENCES; GELI,  2457 1451
            SCINTILLATOR; RABBIT AND HELIUM-JET SYSTEMS.  83G AND 2457 1451
            850G OBSCURED BY CONTAMINANTS FROM 56CR AND 56MN.     2457 1451
BETAS:  IB        CALCULATED BY EVALUATORS FROM INTENSITY         2457 1451
            BALANCING AT EACH STATE, EXCEPT AS NOTED; IN GOOD     2457 1451
            AGREEMENT WITH 78DA04 ALTHOUGH DIB ARE GENERALLY      2457 1451
            HIGHER HERE 5.10 MEV 10; AP 0.1 TO 0.3 LOWER THAN     2457 1451
            VALUES GIVEN BY 78DA04                                2457 1451
NORMALIZATION:  NR        FROM SUMOF RI(1+CC) TO GS AND IB(TO     2457 1451
            GS)=74% 12                                            2457 1451
GAMMAS:  M(A),CC(A)$ADDED BY EVALUATORS ON BASIS OF COMMENT BY    2457 1451
            78DA04 THAT,                                          2457 1451
BETAS:  E(D)      Q- OBTAINED FROM THESE VALUES IS DISCREPANT WITH2457 1451
            VALUE RECOMMENDED BY 85WA02                           2457 1451
BETAS:  IB(B)     AS GIVEN BY THE 78DA04.  EVALUATORS NOTE A      2457 1451
            POSSIBLE INTENSITY IMBALANCE                          2457 1451
BETAS:  IB(A)     THE RATIO OF ACCUMULATED 57CR TO ACCUMULATED    2457 1451
            57MN ACTIVITY WAS OBTAINED FROM THE HELIUM-JET RUN.   2457 1451
            SIGMA(57MN)/SIGMA(57CR) WAS USED TO OBTAIN THE GS     2457 1451
            FEEDING.  DIB ALSO REFLECTS THE UNCERTAINTY IN THE    2457 1451
            RATIO OF PRODUCTION SIGMA'S.                          2457 1451
 0.00000+00 0.00000+00          1        451         33          02457 1451
 0.00000+00 0.00000+00          8        457          0          02457 1451
 0.00000+00 0.00000+00          0          0          0          02457 1  0
 0.00000+00 0.00000+00          0          0          0          02457 0  0
 2.40570+04 5.64543+01          1          1          0          42457 8457
 2.11000+01 1.00000+00          0          0          6          02457 8457
 2.00000+06 3.00000+05 4.50000+05 8.00000+04 0.00000+00 0.00000+002457 8457
-7.77770+01 0.00000+00          0          0          6          12457 8457
 1.00000+00 0.00000+00 4.80000+06 0.00000+00 1.00000+00 0.00000+002457 8457
 0.00000+00 0.00000+00          0          0          6         252457 8457
 5.10000-04 2.40000-04 4.50000+05 8.00000+04 0.00000+00 0.00000+002457 8457
 8.34000+04 2.00000+02          0          0         12          02457 8457
 1.00000+00 0.00000+00 1.60000+02 4.00000+01 0.00000+00 0.00000+002457 8457
 5.08000-02 1.60000-03 4.49000-02 2.20000-03 4.43000-03 0.00000+002457 8457
 2.05800+05 3.00000+02          0          0          4          02457 8457
 1.00000+00 0.00000+00 5.60000+01 4.00000+00                      2457 8457
 3.42900+05 5.00000+02          0          0          4          02457 8457
 1.00000+00 0.00000+00 9.50000+00 2.50000+00                      2457 8457
 4.79100+05 5.00000+02          0          0          4          02457 8457
 1.00000+00 0.00000+00 3.60000+00 1.40000+00                      2457 8457
 6.84100+05 5.00000+02          0          0          4          02457 8457
 1.00000+00 0.00000+00 1.10000+01 5.00000+00                      2457 8457
 7.66500+05 5.00000+02          0          0          4          02457 8457
 1.00000+00 0.00000+00 6.70000+00 1.60000+00                      2457 8457
 8.50200+05 6.00000+02          0          0          4          02457 8457
 1.00000+00 0.00000+00 1.60000+02 4.00000+01                      2457 8457
 1.05580+06 3.00000+02          0          0          4          02457 8457
 1.00000+00 0.00000+00 1.63000+01 1.90000+00                      2457 8457
 1.12990+06 3.00000+02          0          0          4          02457 8457
 1.00000+00 0.00000+00 2.71000+01 2.50000+00                      2457 8457
 1.20920+06 3.00000+02          0          0          4          02457 8457
 1.00000+00 0.00000+00 1.13000+01 2.10000+00                      2457 8457
 1.29220+06 5.00000+02          0          0          4          02457 8457
 1.00000+00 0.00000+00 1.50000+01 3.00000+00                      2457 8457
 1.32730+06 3.00000+02          0          0          4          02457 8457
 1.00000+00 0.00000+00 6.00000+00 4.00000+00                      2457 8457
 1.33570+06 5.00000+02          0          0          4          02457 8457
 1.00000+00 0.00000+00 2.30000+01 1.00000+01                      2457 8457
 1.40930+06 3.00000+02          0          0          4          02457 8457
 1.00000+00 0.00000+00 1.80000+01 3.00000+00                      2457 8457
 1.49270+06 3.00000+02          0          0          4          02457 8457
 1.00000+00 0.00000+00 1.85000+01 2.50000+00                      2457 8457
 1.53500+06 3.00000+02          0          0          4          02457 8457
 1.00000+00 0.00000+00 9.50000+01 7.00000+00                      2457 8457
 1.64220+06 5.00000+02          0          0          4          02457 8457
 1.00000+00 0.00000+00 4.20000+00 1.50000+00                      2457 8457
 1.75210+06 5.00000+02          0          0          4          02457 8457
 1.00000+00 0.00000+00 1.00000+02 0.00000+00                      2457 8457
 1.83520+06 6.00000+02          0          0          4          02457 8457
 1.00000+00 0.00000+00 2.68000+01 2.40000+00                      2457 8457
 1.85200+06 4.00000+02          0          0          4          02457 8457
 1.00000+00 0.00000+00 2.30000+01 3.00000+00                      2457 8457
 2.06350+06 8.00000+02          0          0          4          02457 8457
 1.00000+00 0.00000+00 4.30000+00 1.50000+00                      2457 8457
 2.25720+06 9.00000+02          0          0          4          02457 8457
 1.00000+00 0.00000+00 5.00000+00 4.00000+00                      2457 8457
 2.41000+06 7.00000+02          0          0          4          02457 8457
 1.00000+00 0.00000+00 1.69000+01 1.90000+00                      2457 8457
 2.49310+06 7.00000+02          0          0          4          02457 8457
 1.00000+00 0.00000+00 1.56000+01 1.40000+00                      2457 8457
 2.61830+06 8.00000+02          0          0          4          02457 8457
 1.00000+00 0.00000+00 9.00000+00 3.00000+00                      2457 8457
 0.00000+00 1.00000+00          0          0          6         152457 8457
 1.00000-02 0.00000+00 2.00000+06 3.00000+05 0.00000+00 0.00000+002457 8457
 2.09760+06 3.00000+02          0          0          4          02457 8457
 1.00000+00 1.00000+00 2.50000+00 3.00000-01                      2457 8457
 2.30650+06 5.00000+02          0          0          4          02457 8457
 1.00000+00 1.00000+00 1.70000+00 8.00000-01                      2457 8457
 2.45920+06 4.00000+02          0          0          4          02457 8457
 1.00000+00 1.00000+00 2.40000-01 2.10000-01                      2457 8457
 2.56690+06 6.00000+02          0          0          4          02457 8457
 1.00000+00 1.00000+00 4.30000-01 2.20000-01                      2457 8457
 2.61400+06 4.00000+02          0          0          4          02457 8457
 1.00000+00 1.00000+00 2.60000+00 1.40000+00                      2457 8457
 2.65290+06 9.00000+02          0          0          4          02457 8457
 1.00000+00 1.00000+00 2.20000-01 1.30000-01                      2457 8457
 2.96420+06 4.00000+02          0          0          4          02457 8457
 1.00000+00 1.00000+00 7.00000+00 4.00000+00                      2457 8457
 3.07410+06 6.00000+02          0          0          4          02457 8457
 1.00000+00 1.00000+00 2.10000-01 1.30000-01                      2457 8457
 3.26485+06 2.50000+02          0          0          4          02457 8457
 1.00000+00 1.00000+00 6.00000+00 3.00000+00                      2457 8457
 3.30693+06 2.10000+02          0          0          4          02457 8457
 1.00000+00 1.00000+00 8.00000-01 5.00000-01                      2457 8457
 3.42470+06 4.00000+02          0          0          4          02457 8457
 1.00000+00 1.00000+00 4.00000-01 3.00000-01                      2457 8457
 3.74379+06 2.30000+02          0          0          4          02457 8457
 1.00000+00 1.00000+00 2.10000+00 1.10000+00                      2457 8457
 3.94948+06 2.30000+02          0          0          4          02457 8457
 1.00000+00 1.00000+00 2.60000+00 2.20000+00                      2457 8457
 4.71618+06 1.70000+02          0          0          4          02457 8457
 1.00000+00 1.00000+00 3.00000-01 3.00000-01                      2457 8457
 4.80000+06 0.00000+00          0          0          4          02457 8457
 1.00000+00 1.00000+00 7.40000+01 1.20000+01                      2457 8457
 0.00000+00 8.00000+00          0          0          6          42457 8457
 1.00000-02 0.00000+00 3.30000+02 1.50000+02 0.00000+00 0.00000+002457 8457
 6.10000+02 0.00000+00          0          0          4          02457 8457
 1.00000+00 0.00000+00 6.00000-01 3.00000-01                      2457 8457
 5.19000+03 0.00000+00          0          0          4          02457 8457
 1.00000+00 0.00000+00 2.50000-01 1.30000-01                      2457 8457
 7.68600+04 2.00000+02          0          0          4          02457 8457
 1.00000+00 0.00000+00 3.70000-01 1.90000-01                      2457 8457
 8.26300+04 2.00000+02          0          0          4          02457 8457
 1.00000+00 0.00000+00 3.60000-02 1.90000-02                      2457 8457
 0.00000+00 9.00000+00          0          0          6          42457 8457
 1.00000-02 0.00000+00 6.87800+00 0.00000+00 0.00000+00 0.00000+002457 8457
 6.40000+02 0.00000+00          0          0          4          02457 8457
 1.00000+00 0.00000+00 1.70000-03 9.00000-04                      2457 8457
 5.88800+03 0.00000+00          0          0          4          02457 8457
 1.00000+00 0.00000+00 3.40000-02 1.80000-02                      2457 8457
 5.89900+03 0.00000+00          0          0          4          02457 8457
 1.00000+00 0.00000+00 7.00000-02 4.00000-02                      2457 8457
 6.49000+03 0.00000+00          0          0          4          02457 8457
 1.00000+00 0.00000+00 1.40000-02 7.00000-03                      2457 8457
 0.00000+00 0.00000+00          0          0          0          02457 8  0
 0.00000+00 0.00000+00          0          0          0          02457 0  0
 0.00000+00 0.00000+00          0          0          0          0   0 0  0
 2.70570+04 5.64472+01         -1          0          1          12757 1451
 0.00000+00 1.00000+00          1          1          0          62757 1451
 0.00000+00 0.00000+00          0          0          4          62757 1451
 0.00000+00 0.00000+00          0          0         76          22757 1451
 27-CO- 57 BNL        EVAL-SEP93 CONVERSION OF ENSDF              2757 1451
 /ENSDF/              DIST-JAN86 REV1-                            2757 1451
---- ENDF/A-6         MATERIAL 2757                               2757 1451
----- DECAY DATA                                                  2757 1451
------ ENDF-6                                                     2757 1451
  57CO EC DECAY (271.80 D 5)      I(MIN)=0.0010%                  2757 1451
         RADLST 5.5 [ 5-OCT-88].                                  2757 1451
GAMMAS:            SEE 70RA51 FOR SUMMARY OF CONVERSION-ELECTRON  2757 1451
            60EW04, AND 67HA06.  THE RATIOS HAVE ALSO BEEN        2757 1451
            MEASURED BY 71PO05 NOTED BELOW.  OTHERS:  SEE 81HAZY  2757 1451
            (67BE65,65BE41; MOSS,CRYST), IN GOOD AGREEMENT WITH   2757 1451
            14.4127 4 AND 14.4147 25 OBTAINED BY 76BO16 AND       2757 1451
            72HE42, RESPECTIVELY, FROM A FIT OF EG(122G,136G) INTO2757 1451
            LEVEL SCHEME.  NOTE THAT THESE VALUES ARE NOT         2757 1451
            CONSISTENT WITH 14.4050 6 FROM E(CEM1)=14.3134 2      2757 1451
            (71PO05). E(CE):  E(CEK)=7.289 8                      2757 1451
            (67HA06,SPECTROMETER); 7.300 6 (63TH04,PC).           2757 1451
            E(CEN1)=14.4017 2 ("METALLIC"), 14.4005 2 ("OXIDE")   2757 1451
            (71PO05, ECC:  WEIGHTED AV FROM 63MU02 (SPECTROMETER  2757 1451
            K/L), 63TH04 (NAI,PC XG/G), 65KI03 (NAI GG), 67HA06   2757 1451
            (SPECTROMETER CEK/K-AUGER), 68RU04 (PC XX/XG), AND    2757 1451
            71KO19 (GELI RI) AS EVALUATED BY 84HAZS.  SEE ADOPTED 2757 1451
            GAMMAS FOR FINAL VALUE RECOMMENDED BY 84HAZS.  OTHERS:2757 1451
              SEE 81HAZY.  EKC:  WEIGHTED AV OF DATA FROM 63MU02, 2757 1451
            67HA06, 68RU04, AND THESIS BY ^N. FRANI-COURSOL (UNIV.2757 1451
            PARIS).  SEE ADOPTED GAMMAS FOR 63MU02, 71PO05. OTHER:2757 1451
            K/L+=100/12.1 6 (67HA06).  L1/L23:  OTHER: 10.9 8     2757 1451
            (60EW04)                                              2757 1451
GAMMAS:            CHEMICAL EFFECTS WERE OBSERVED IN THE SPECTRAL 2757 1451
            SHAPES AND RATIOS OF THE OUTER-SHELL CONVERSION       2757 1451
            ELECTRONS BY 71PO05, 71PL10, AND 74FU15, AMONG OTHERS.2757 1451
             SEE 84MA23 FOR CALCULATIONS WHICH INCLUDED           2757 1451
            SOLID-STATE EFFECTS                                   2757 1451
GAMMAS:            122G AND 136G SUMMARY:  MR(122G):  WEIGHTED AV 2757 1451
            OF G(THETA,H,TEMP) (GELI); +0.120 2 (72FO05), +0.116 12757 1451
            (73SC15), +0.1195 10 (75Co22); AND GG(THETA) (GELI),  2757 1451
            +0.120 4 (72KR15).  OTHERS: 72VI09, 72NI01.           2757 1451
            ECC,EKC(122G,136G):  FROM 67HA06 (SPECTROMETER,       2757 1451
            CE/PE).  67MU20 EXCLUDED FROM CONSIDERATION SINCE THE 2757 1451
            CEK WERE NOT HIGHER SHELL ELECTRONS (84HAZS).         2757 1451
            OTHERS:  84HAZS, 81HAZY. K/L+(122G,136G):  UNWEIGHTED 2757 1451
            AV OF 54AL06, 57BE45, 65MO22, 67HA06.                 2757 1451
GAMMAS:  "Shakeoff" measurements (71Po04, spectrometer):  14.4|g: 2757 1451
            |SKL/ce(K)=0.009 {I5}; E(KL{-3})=7905 eV {I+20-10};   2757 1451
            0.4|*10{+-4}<KK/ce(K)<2|*10{+-4}; E(KK)=14.72 keV     2757 1451
            {I15}. 136.5|g:  |SKL/ce(K)=0.009 {I5}; E(KL{-3})=79052757 1451
            eV {I+20-10}.                                         2757 1451
GAMMAS:            I(XK)/I(14.4G)=5.58 30 (SCIN,PC;X/G.  63MU02)  2757 1451
            AND 5.57 (SCIN,66SU11) ARE IN GOOD AGREEMENT WITH 5.852757 1451
            17 FROM THE ADOPTED DECAY SCHEME                      2757 1451
GAMMAS:            COINCIDENCES ARE FROM 65KI03 (GELI,FAST-SLOW   2757 1451
            COIN)                                                 2757 1451
GAMMAS:  E         WEIGHTED AVERAGES OF GELI MEASUREMENTS BY      2757 1451
            65KI03, 65SP06, AND 71KO19, EXCEPT AS NOTED.          2757 1451
GAMMAS:  RI,TI     RELATIVE INTENSITY.  RI ARE FROM 65MA38 (GELI),2757 1451
            EXCEPT AS NOTED.  TI WAS DEDUCED FROM INTENSITY       2757 1451
            BALANCE; FROM JPI CONSIDERATIONS THIS STATE MAY NOT BE2757 1451
            FED DIRECTLY                                          2757 1451
NORMALIZATION:  NR,NT     FROM SUMOF RI(1+CC)(GS)=100.  FROM JPI  2757 1451
            CONSIDERATIONS THE GS CANNOT BE DIRECTLY POPULATED.   2757 1451
NORMALIZATION:  NB        SEE COMMENT ON NR AND NT                2757 1451
OTHERS:  81VYZZ, 81KHZY, AND 70RA51.                              2757 1451
GAMMAS:  CC$LABEL=ECC                                             2757 1451
GAMMAS:  E(A)      GAMMA-RAY CALIBRATION ENERGIES FROM 76BO16     2757 1451
            (CRYST) AS CORRECTED AND RECOMMENDED BY 79HE19, BASED 2757 1451
            ON 198AU REFERENCE LINE (411.8044 KEV 11).  OTHER:    2757 1451
            SEE 79HE19.                                           2757 1451
GAMMAS:  RI(B)     FROM PHOTON BRANCHING RATIOS (75CO22,GELI) AND 2757 1451
            SUMOF RI FEEDING 367 STATE.  FROM JPI CONSIDERATIONS  2757 1451
            THIS STATE MAY NOT BE FED DIRECTLY.                   2757 1451
14.413-KEVG           SEE SUMMARY ABOVE                           2757 1451
122.06-KEVG RI        OTHER:  803.2 24 (82GR10,GELI)              2757 1451
122.06-KEVG           SEE SUMMARY ABOVE                           2757 1451
136.47-KEVG           SEE SUMMARY ABOVE                           2757 1451
230.4-KEV G           NOT OBSERVED BY 65MA38 OR CLEARLY SEEN BY   2757 1451
            65SP06                                                2757 1451
 0.00000+00 0.00000+00          1        451         81          02757 1451
 0.00000+00 0.00000+00          8        457          0          02757 1451
 0.00000+00 0.00000+00          0          0          0          02757 1  0
 0.00000+00 0.00000+00          0          0          0          02757 0  0
 2.70570+04 5.64472+01          1          1          0          42757 8457
 2.34840+07 5.00000+03          0          0          6          02757 8457
 1.17000+04 3.00000+02 1.25300+05 1.50000+03 0.00000+00 0.00000+002757 8457
 3.50000+00-1.00000+00          0          0          6          12757 8457
 2.00000+00 0.00000+00 8.36400+05 5.00000+02 1.00000+00 0.00000+002757 8457
 0.00000+00 0.00000+00          0          0          6          82757 8457
 1.03300-03 0.00000+00 1.21700+05 1.50000+03 0.00000+00 0.00000+002757 8457
 1.44100+04 0.00000+00          0          0         12          02757 8457
 2.00000+00 0.00000+00 9.37000+01 2.20000+00 0.00000+00 0.00000+002757 8457
 8.10000+00 3.00000-01 7.40000+00 4.00000-01 7.80000-01 4.00000-022757 8457
 1.22100+05 0.00000+00          0          0         12          02757 8457
 2.00000+00 0.00000+00 8.32000+02 8.00000+00 0.00000+00 0.00000+002757 8457
 2.40000-02 1.60000-03 2.14000-02 1.40000-03 2.24000-03 2.10000-042757 8457
 1.36474+05 5.00000-01          0          0         10          02757 8457
 2.00000+00 0.00000+00 1.00000+02 0.00000+00 0.00000+00 0.00000+002757 8457
 1.37000-01 1.60000-02 1.22000-01 1.40000-02                      2757 8457
 3.39690+05 2.10000+02          0          0          4          02757 8457
 2.00000+00 0.00000+00 2.40000-02 3.00000-03                      2757 8457
 3.52330+05 2.10000+02          0          0          4          02757 8457
 2.00000+00 0.00000+00 1.87000-02 2.30000-03                      2757 8457
 5.70090+05 2.00000+02          0          0          4          02757 8457
 2.00000+00 0.00000+00 1.33000-01 8.00000-03                      2757 8457
 6.92410+05 7.00000+01          0          0          4          02757 8457
 2.00000+00 0.00000+00 1.57000+00 4.00000-02                      2757 8457
 7.06540+05 2.20000+02          0          0          4          02757 8457
 2.00000+00 0.00000+00 4.60000-02 5.00000-03                      2757 8457
 0.00000+00 2.00000+00          0          0          6          22757 8457
 1.03400-03 0.00000+00 0.00000+00 0.00000+00 0.00000+00 0.00000+002757 8457
 1.29600+05 5.00000+02          0          0          6          02757 8457
 2.00000+00 1.00000+00 1.77000+00 5.00000-02 0.00000+00 0.00000+002757 8457
 6.99900+05 5.00000+02          0          0          6          02757 8457
 2.00000+00 1.00000+00 9.65000+02 9.00000+00 0.00000+00 0.00000+002757 8457
 0.00000+00 8.00000+00          0          0          6          62757 8457
 1.00000-02 0.00000+00 1.17000+04 3.00000+02 0.00000+00 0.00000+002757 8457
 6.70000+02 0.00000+00          0          0          4          02757 8457
 2.00000+00 0.00000+00 2.51100+02 2.00000+00                      2757 8457
 5.62000+03 0.00000+00          0          0          4          02757 8457
 2.00000+00 0.00000+00 1.06500+02 1.60000+00                      2757 8457
 1.14949+05 1.00000+00          0          0          4          02757 8457
 2.00000+00 0.00000+00 1.84000+00 1.50000-01                      2757 8457
 1.21215+05 5.00000-01          0          0          4          02757 8457
 2.00000+00 0.00000+00 1.93000-01 2.00000-02                      2757 8457
 1.21969+05 1.00000+00          0          0          4          02757 8457
 2.00000+00 0.00000+00 3.20000-02 5.00000-03                      2757 8457
 1.29362+05 1.10000+00          0          0          4          02757 8457
 2.00000+00 0.00000+00 1.26000+00 1.50000-01                      2757 8457
 0.00000+00 9.00000+00          0          0          6          42757 8457
 1.00000-02 0.00000+00 3.67000+03 0.00000+00 0.00000+00 0.00000+002757 8457
 7.00000+02 0.00000+00          0          0          4          02757 8457
 2.00000+00 0.00000+00 7.83000-01 6.00000-03                      2757 8457
 6.39100+03 0.00000+00          0          0          4          02757 8457
 2.00000+00 0.00000+00 1.68000+01 5.00000-01                      2757 8457
 6.40400+03 0.00000+00          0          0          4          02757 8457
 2.00000+00 0.00000+00 3.31000+01 9.00000-01                      2757 8457
 7.06000+03 0.00000+00          0          0          4          02757 8457
 2.00000+00 0.00000+00 6.68000+00 2.10000-01                      2757 8457
 0.00000+00 0.00000+00          0          0          0          02757 8  0
 0.00000+00 0.00000+00          0          0          0          02757 0  0
 0.00000+00 0.00000+00          0          0          0          0   0 0  0
                                                                    -1
